S:\Tools\EB_Bootloader\Workspace\checksums\bin\sha1sum.exe: plugins\BlPduR_TS_TxDxM0I18R0\META-INF\MANIFEST.MF: No such file or directory
plugins\BlPduR_TS_TxDxM0I18R0\META-INF\MANIFEST.MF: FAILED open or read
S:\Tools\EB_Bootloader\Workspace\checksums\bin\sha1sum.exe: plugins\BlPduR_TS_TxDxM0I18R0\anchors.xml: No such file or directory
plugins\BlPduR_TS_TxDxM0I18R0\anchors.xml: FAILED open or read
S:\Tools\EB_Bootloader\Workspace\checksums\bin\sha1sum.exe: plugins\BlPduR_TS_TxDxM0I18R0\config\BlPduR.xdm: No such file or directory
plugins\BlPduR_TS_TxDxM0I18R0\config\BlPduR.xdm: FAILED open or read
S:\Tools\EB_Bootloader\Workspace\checksums\bin\sha1sum.exe: plugins\BlPduR_TS_TxDxM0I18R0\generate\include\BlPduR_Cbk.h: No such file or directory
plugins\BlPduR_TS_TxDxM0I18R0\generate\include\BlPduR_Cbk.h: FAILED open or read
S:\Tools\EB_Bootloader\Workspace\checksums\bin\sha1sum.exe: plugins\BlPduR_TS_TxDxM0I18R0\generate\include\BlPduR_Cfg.h: No such file or directory
plugins\BlPduR_TS_TxDxM0I18R0\generate\include\BlPduR_Cfg.h: FAILED open or read
S:\Tools\EB_Bootloader\Workspace\checksums\bin\sha1sum.exe: plugins\BlPduR_TS_TxDxM0I18R0\generate\include\BlPduR_Prj.h: No such file or directory
plugins\BlPduR_TS_TxDxM0I18R0\generate\include\BlPduR_Prj.h: FAILED open or read
S:\Tools\EB_Bootloader\Workspace\checksums\bin\sha1sum.exe: plugins\BlPduR_TS_TxDxM0I18R0\generate\include\BlPduR_Types.h: No such file or directory
plugins\BlPduR_TS_TxDxM0I18R0\generate\include\BlPduR_Types.h: FAILED open or read
S:\Tools\EB_Bootloader\Workspace\checksums\bin\sha1sum.exe: plugins\BlPduR_TS_TxDxM0I18R0\generate\src\BlPduR_Cfg.c: No such file or directory
plugins\BlPduR_TS_TxDxM0I18R0\generate\src\BlPduR_Cfg.c: FAILED open or read
S:\Tools\EB_Bootloader\Workspace\checksums\bin\sha1sum.exe: plugins\BlPduR_TS_TxDxM0I18R0\generate\templates\BlPduR_Cbk.c: No such file or directory
plugins\BlPduR_TS_TxDxM0I18R0\generate\templates\BlPduR_Cbk.c: FAILED open or read
S:\Tools\EB_Bootloader\Workspace\checksums\bin\sha1sum.exe: plugins\BlPduR_TS_TxDxM0I18R0\generate\templates\BlPduR_MemMap.h: No such file or directory
plugins\BlPduR_TS_TxDxM0I18R0\generate\templates\BlPduR_MemMap.h: FAILED open or read
S:\Tools\EB_Bootloader\Workspace\checksums\bin\sha1sum.exe: plugins\BlPduR_TS_TxDxM0I18R0\include\BlPduR_Priv.h: No such file or directory
plugins\BlPduR_TS_TxDxM0I18R0\include\BlPduR_Priv.h: FAILED open or read
S:\Tools\EB_Bootloader\Workspace\checksums\bin\sha1sum.exe: plugins\BlPduR_TS_TxDxM0I18R0\include\BlPduR_Pub.h: No such file or directory
plugins\BlPduR_TS_TxDxM0I18R0\include\BlPduR_Pub.h: FAILED open or read
S:\Tools\EB_Bootloader\Workspace\checksums\bin\sha1sum.exe: plugins\BlPduR_TS_TxDxM0I18R0\include\BlPduR_Trace.h: No such file or directory
plugins\BlPduR_TS_TxDxM0I18R0\include\BlPduR_Trace.h: FAILED open or read
S:\Tools\EB_Bootloader\Workspace\checksums\bin\sha1sum.exe: plugins\BlPduR_TS_TxDxM0I18R0\include\EBLIN_Prj.h: No such file or directory
plugins\BlPduR_TS_TxDxM0I18R0\include\EBLIN_Prj.h: FAILED open or read
S:\Tools\EB_Bootloader\Workspace\checksums\bin\sha1sum.exe: plugins\BlPduR_TS_TxDxM0I18R0\include\EB_Prj.h: No such file or directory
plugins\BlPduR_TS_TxDxM0I18R0\include\EB_Prj.h: FAILED open or read
S:\Tools\EB_Bootloader\Workspace\checksums\bin\sha1sum.exe: plugins\BlPduR_TS_TxDxM0I18R0\make\BlPduR_defs.mak: No such file or directory
plugins\BlPduR_TS_TxDxM0I18R0\make\BlPduR_defs.mak: FAILED open or read
S:\Tools\EB_Bootloader\Workspace\checksums\bin\sha1sum.exe: plugins\BlPduR_TS_TxDxM0I18R0\make\BlPduR_rules.mak: No such file or directory
plugins\BlPduR_TS_TxDxM0I18R0\make\BlPduR_rules.mak: FAILED open or read
S:\Tools\EB_Bootloader\Workspace\checksums\bin\sha1sum.exe: plugins\BlPduR_TS_TxDxM0I18R0\plugin.xml: No such file or directory
plugins\BlPduR_TS_TxDxM0I18R0\plugin.xml: FAILED open or read
S:\Tools\EB_Bootloader\Workspace\checksums\bin\sha1sum.exe: plugins\BlPduR_TS_TxDxM0I18R0\resources\AdjacentLayer.properties: No such file or directory
plugins\BlPduR_TS_TxDxM0I18R0\resources\AdjacentLayer.properties: FAILED open or read
S:\Tools\EB_Bootloader\Workspace\checksums\bin\sha1sum.exe: plugins\BlPduR_TS_TxDxM0I18R0\src\BlPduR_Lin.c: No such file or directory
plugins\BlPduR_TS_TxDxM0I18R0\src\BlPduR_Lin.c: FAILED open or read
S:\Tools\EB_Bootloader\Workspace\checksums\bin\sha1sum.exe: plugins\BlPduR_TS_TxDxM0I18R0\src\BlPduR_Prg.c: No such file or directory
plugins\BlPduR_TS_TxDxM0I18R0\src\BlPduR_Prg.c: FAILED open or read
S:\Tools\EB_Bootloader\Workspace\checksums\bin\sha1sum.exe: WARNING: 21 of 21 listed files could not be read
