S:\Tools\EB_Bootloader\Workspace\checksums\bin\sha1sum.exe: plugins\BLUpdater_TS_TxDxM1I1R0\META-INF\MANIFEST.MF: No such file or directory
plugins\BLUpdater_TS_TxDxM1I1R0\META-INF\MANIFEST.MF: FAILED open or read
S:\Tools\EB_Bootloader\Workspace\checksums\bin\sha1sum.exe: plugins\BLUpdater_TS_TxDxM1I1R0\anchors.xml: No such file or directory
plugins\BLUpdater_TS_TxDxM1I1R0\anchors.xml: FAILED open or read
S:\Tools\EB_Bootloader\Workspace\checksums\bin\sha1sum.exe: plugins\BLUpdater_TS_TxDxM1I1R0\config\BLUpdater.xdm: No such file or directory
plugins\BLUpdater_TS_TxDxM1I1R0\config\BLUpdater.xdm: FAILED open or read
S:\Tools\EB_Bootloader\Workspace\checksums\bin\sha1sum.exe: plugins\BLUpdater_TS_TxDxM1I1R0\generate\include\BLUpdater_Cbk.h: No such file or directory
plugins\BLUpdater_TS_TxDxM1I1R0\generate\include\BLUpdater_Cbk.h: FAILED open or read
S:\Tools\EB_Bootloader\Workspace\checksums\bin\sha1sum.exe: plugins\BLUpdater_TS_TxDxM1I1R0\generate\include\BLUpdater_Cfg.h: No such file or directory
plugins\BLUpdater_TS_TxDxM1I1R0\generate\include\BLUpdater_Cfg.h: FAILED open or read
S:\Tools\EB_Bootloader\Workspace\checksums\bin\sha1sum.exe: plugins\BLUpdater_TS_TxDxM1I1R0\generate\include\BLUpdater_Prj.h: No such file or directory
plugins\BLUpdater_TS_TxDxM1I1R0\generate\include\BLUpdater_Prj.h: FAILED open or read
S:\Tools\EB_Bootloader\Workspace\checksums\bin\sha1sum.exe: plugins\BLUpdater_TS_TxDxM1I1R0\generate\include\BLUpdater_Types.h: No such file or directory
plugins\BLUpdater_TS_TxDxM1I1R0\generate\include\BLUpdater_Types.h: FAILED open or read
S:\Tools\EB_Bootloader\Workspace\checksums\bin\sha1sum.exe: plugins\BLUpdater_TS_TxDxM1I1R0\generate\src\BLUpdater_Cfg.c: No such file or directory
plugins\BLUpdater_TS_TxDxM1I1R0\generate\src\BLUpdater_Cfg.c: FAILED open or read
S:\Tools\EB_Bootloader\Workspace\checksums\bin\sha1sum.exe: plugins\BLUpdater_TS_TxDxM1I1R0\generate\templates\BLUpdater_Cbk.c: No such file or directory
plugins\BLUpdater_TS_TxDxM1I1R0\generate\templates\BLUpdater_Cbk.c: FAILED open or read
S:\Tools\EB_Bootloader\Workspace\checksums\bin\sha1sum.exe: plugins\BLUpdater_TS_TxDxM1I1R0\generate\templates\BLUpdater_MemMap.h: No such file or directory
plugins\BLUpdater_TS_TxDxM1I1R0\generate\templates\BLUpdater_MemMap.h: FAILED open or read
S:\Tools\EB_Bootloader\Workspace\checksums\bin\sha1sum.exe: plugins\BLUpdater_TS_TxDxM1I1R0\include\BLUpdater_Priv.h: No such file or directory
plugins\BLUpdater_TS_TxDxM1I1R0\include\BLUpdater_Priv.h: FAILED open or read
S:\Tools\EB_Bootloader\Workspace\checksums\bin\sha1sum.exe: plugins\BLUpdater_TS_TxDxM1I1R0\include\BLUpdater_Pub.h: No such file or directory
plugins\BLUpdater_TS_TxDxM1I1R0\include\BLUpdater_Pub.h: FAILED open or read
S:\Tools\EB_Bootloader\Workspace\checksums\bin\sha1sum.exe: plugins\BLUpdater_TS_TxDxM1I1R0\include\BLUpdater_Trace.h: No such file or directory
plugins\BLUpdater_TS_TxDxM1I1R0\include\BLUpdater_Trace.h: FAILED open or read
S:\Tools\EB_Bootloader\Workspace\checksums\bin\sha1sum.exe: plugins\BLUpdater_TS_TxDxM1I1R0\include\EB_Prj.h: No such file or directory
plugins\BLUpdater_TS_TxDxM1I1R0\include\EB_Prj.h: FAILED open or read
S:\Tools\EB_Bootloader\Workspace\checksums\bin\sha1sum.exe: plugins\BLUpdater_TS_TxDxM1I1R0\make\BLUpdater_defs.mak: No such file or directory
plugins\BLUpdater_TS_TxDxM1I1R0\make\BLUpdater_defs.mak: FAILED open or read
S:\Tools\EB_Bootloader\Workspace\checksums\bin\sha1sum.exe: plugins\BLUpdater_TS_TxDxM1I1R0\make\BLUpdater_rules.mak: No such file or directory
plugins\BLUpdater_TS_TxDxM1I1R0\make\BLUpdater_rules.mak: FAILED open or read
S:\Tools\EB_Bootloader\Workspace\checksums\bin\sha1sum.exe: plugins\BLUpdater_TS_TxDxM1I1R0\plugin.xml: No such file or directory
plugins\BLUpdater_TS_TxDxM1I1R0\plugin.xml: FAILED open or read
S:\Tools\EB_Bootloader\Workspace\checksums\bin\sha1sum.exe: plugins\BLUpdater_TS_TxDxM1I1R0\resources\AdjacentLayer.properties: No such file or directory
plugins\BLUpdater_TS_TxDxM1I1R0\resources\AdjacentLayer.properties: FAILED open or read
S:\Tools\EB_Bootloader\Workspace\checksums\bin\sha1sum.exe: plugins\BLUpdater_TS_TxDxM1I1R0\src\BLUpdater_Prg.c: No such file or directory
plugins\BLUpdater_TS_TxDxM1I1R0\src\BLUpdater_Prg.c: FAILED open or read
S:\Tools\EB_Bootloader\Workspace\checksums\bin\sha1sum.exe: WARNING: 19 of 19 listed files could not be read
