S:\Tools\EB_Bootloader\Workspace\checksums\bin\sha1sum.exe: plugins\BM_TS_TxDxM1I10R0\META-INF\MANIFEST.MF: No such file or directory
plugins\BM_TS_TxDxM1I10R0\META-INF\MANIFEST.MF: FAILED open or read
S:\Tools\EB_Bootloader\Workspace\checksums\bin\sha1sum.exe: plugins\BM_TS_TxDxM1I10R0\anchors.xml: No such file or directory
plugins\BM_TS_TxDxM1I10R0\anchors.xml: FAILED open or read
S:\Tools\EB_Bootloader\Workspace\checksums\bin\sha1sum.exe: plugins\BM_TS_TxDxM1I10R0\config\BM.xdm: No such file or directory
plugins\BM_TS_TxDxM1I10R0\config\BM.xdm: FAILED open or read
S:\Tools\EB_Bootloader\Workspace\checksums\bin\sha1sum.exe: plugins\BM_TS_TxDxM1I10R0\generate\include\BM_Cbk.h: No such file or directory
plugins\BM_TS_TxDxM1I10R0\generate\include\BM_Cbk.h: FAILED open or read
S:\Tools\EB_Bootloader\Workspace\checksums\bin\sha1sum.exe: plugins\BM_TS_TxDxM1I10R0\generate\include\BM_Cfg.h: No such file or directory
plugins\BM_TS_TxDxM1I10R0\generate\include\BM_Cfg.h: FAILED open or read
S:\Tools\EB_Bootloader\Workspace\checksums\bin\sha1sum.exe: plugins\BM_TS_TxDxM1I10R0\generate\include\BM_Prj.h: No such file or directory
plugins\BM_TS_TxDxM1I10R0\generate\include\BM_Prj.h: FAILED open or read
S:\Tools\EB_Bootloader\Workspace\checksums\bin\sha1sum.exe: plugins\BM_TS_TxDxM1I10R0\generate\include\BM_Types.h: No such file or directory
plugins\BM_TS_TxDxM1I10R0\generate\include\BM_Types.h: FAILED open or read
S:\Tools\EB_Bootloader\Workspace\checksums\bin\sha1sum.exe: plugins\BM_TS_TxDxM1I10R0\generate\include\EB_Prj.h: No such file or directory
plugins\BM_TS_TxDxM1I10R0\generate\include\EB_Prj.h: FAILED open or read
S:\Tools\EB_Bootloader\Workspace\checksums\bin\sha1sum.exe: plugins\BM_TS_TxDxM1I10R0\generate\src\BM_Cfg.c: No such file or directory
plugins\BM_TS_TxDxM1I10R0\generate\src\BM_Cfg.c: FAILED open or read
S:\Tools\EB_Bootloader\Workspace\checksums\bin\sha1sum.exe: plugins\BM_TS_TxDxM1I10R0\generate\templates\BM_Cbk.c: No such file or directory
plugins\BM_TS_TxDxM1I10R0\generate\templates\BM_Cbk.c: FAILED open or read
S:\Tools\EB_Bootloader\Workspace\checksums\bin\sha1sum.exe: plugins\BM_TS_TxDxM1I10R0\generate\templates\BM_MemMap.h: No such file or directory
plugins\BM_TS_TxDxM1I10R0\generate\templates\BM_MemMap.h: FAILED open or read
S:\Tools\EB_Bootloader\Workspace\checksums\bin\sha1sum.exe: plugins\BM_TS_TxDxM1I10R0\include\BM_Priv.h: No such file or directory
plugins\BM_TS_TxDxM1I10R0\include\BM_Priv.h: FAILED open or read
S:\Tools\EB_Bootloader\Workspace\checksums\bin\sha1sum.exe: plugins\BM_TS_TxDxM1I10R0\include\BM_Pub.h: No such file or directory
plugins\BM_TS_TxDxM1I10R0\include\BM_Pub.h: FAILED open or read
S:\Tools\EB_Bootloader\Workspace\checksums\bin\sha1sum.exe: plugins\BM_TS_TxDxM1I10R0\include\BM_Trace.h: No such file or directory
plugins\BM_TS_TxDxM1I10R0\include\BM_Trace.h: FAILED open or read
S:\Tools\EB_Bootloader\Workspace\checksums\bin\sha1sum.exe: plugins\BM_TS_TxDxM1I10R0\make\BM_defs.mak: No such file or directory
plugins\BM_TS_TxDxM1I10R0\make\BM_defs.mak: FAILED open or read
S:\Tools\EB_Bootloader\Workspace\checksums\bin\sha1sum.exe: plugins\BM_TS_TxDxM1I10R0\make\BM_rules.mak: No such file or directory
plugins\BM_TS_TxDxM1I10R0\make\BM_rules.mak: FAILED open or read
S:\Tools\EB_Bootloader\Workspace\checksums\bin\sha1sum.exe: plugins\BM_TS_TxDxM1I10R0\plugin.xml: No such file or directory
plugins\BM_TS_TxDxM1I10R0\plugin.xml: FAILED open or read
S:\Tools\EB_Bootloader\Workspace\checksums\bin\sha1sum.exe: plugins\BM_TS_TxDxM1I10R0\src\BM_Prg.c: No such file or directory
plugins\BM_TS_TxDxM1I10R0\src\BM_Prg.c: FAILED open or read
S:\Tools\EB_Bootloader\Workspace\checksums\bin\sha1sum.exe: plugins\BM_TS_TxDxM1I10R0\src\BM_SecureBoot.c: No such file or directory
plugins\BM_TS_TxDxM1I10R0\src\BM_SecureBoot.c: FAILED open or read
S:\Tools\EB_Bootloader\Workspace\checksums\bin\sha1sum.exe: plugins\BM_TS_TxDxM1I10R0\src\BM_Security.c: No such file or directory
plugins\BM_TS_TxDxM1I10R0\src\BM_Security.c: FAILED open or read
S:\Tools\EB_Bootloader\Workspace\checksums\bin\sha1sum.exe: WARNING: 20 of 20 listed files could not be read
