plugins\Can_TS_T40D2M10I2R0\META-INF\MANIFEST.MF: FAILED
plugins\Can_TS_T40D2M10I2R0\META-INF\MANIFEST.MF.EB_update: FAILED
plugins\Can_TS_T40D2M10I2R0\META-INF\MANIFEST.MF.origin_version: FAILED
plugins\Can_TS_T40D2M10I2R0\anchors.xml: FAILED
plugins\Can_TS_T40D2M10I2R0\anchors.xml.EB_update: FAILED
plugins\Can_TS_T40D2M10I2R0\anchors.xml.origin_version: OK
plugins\Can_TS_T40D2M10I2R0\ant_generator.xml: OK
plugins\Can_TS_T40D2M10I2R0\autosar\Can_s32k118_lqfp48.epd: OK
plugins\Can_TS_T40D2M10I2R0\autosar\Can_s32k118_lqfp64.epd: OK
plugins\Can_TS_T40D2M10I2R0\autosar\Can_s32k142_lqfp100.epd: OK
plugins\Can_TS_T40D2M10I2R0\autosar\Can_s32k142_lqfp48.epd: OK
plugins\Can_TS_T40D2M10I2R0\autosar\Can_s32k142_lqfp64.epd: OK
plugins\Can_TS_T40D2M10I2R0\autosar\Can_s32k144_lqfp100.epd: OK
plugins\Can_TS_T40D2M10I2R0\autosar\Can_s32k144_lqfp48.epd: OK
plugins\Can_TS_T40D2M10I2R0\autosar\Can_s32k144_lqfp64.epd: OK
plugins\Can_TS_T40D2M10I2R0\autosar\Can_s32k144_mapbga100.epd: OK
plugins\Can_TS_T40D2M10I2R0\autosar\Can_s32k146_lqfp100.epd: OK
plugins\Can_TS_T40D2M10I2R0\autosar\Can_s32k146_lqfp144.epd: OK
plugins\Can_TS_T40D2M10I2R0\autosar\Can_s32k146_lqfp64.epd: OK
plugins\Can_TS_T40D2M10I2R0\autosar\Can_s32k146_mapbga100.epd: OK
plugins\Can_TS_T40D2M10I2R0\autosar\Can_s32k148_lqfp100.epd: OK
plugins\Can_TS_T40D2M10I2R0\autosar\Can_s32k148_lqfp144.epd: OK
plugins\Can_TS_T40D2M10I2R0\autosar\Can_s32k148_lqfp176.epd: OK
plugins\Can_TS_T40D2M10I2R0\autosar\Can_s32k148_mapbga100.epd: OK
plugins\Can_TS_T40D2M10I2R0\config\Can.xdm: FAILED
plugins\Can_TS_T40D2M10I2R0\doc\AUTOSAR_MCAL_CAN_IM.pdf: OK
plugins\Can_TS_T40D2M10I2R0\doc\AUTOSAR_MCAL_CAN_UM.pdf: OK
plugins\Can_TS_T40D2M10I2R0\generate_PB\Can_NotifyCheck_Src_PB.m: OK
plugins\Can_TS_T40D2M10I2R0\generate_PB\Can_SourceClock.m: OK
plugins\Can_TS_T40D2M10I2R0\generate_PB\Can_VersionCheck_Src_PB.m: OK
plugins\Can_TS_T40D2M10I2R0\generate_PB\src\Can_PBcfg.c: FAILED
plugins\Can_TS_T40D2M10I2R0\generate_PC\Can_NotifyCheck_Src.m: OK
plugins\Can_TS_T40D2M10I2R0\generate_PC\Can_SourceClock.m: OK
plugins\Can_TS_T40D2M10I2R0\generate_PC\Can_VersionCheck_Inc.m: OK
plugins\Can_TS_T40D2M10I2R0\generate_PC\Can_VersionCheck_Src.m: OK
plugins\Can_TS_T40D2M10I2R0\generate_PC\include\Can_Cfg.h: FAILED
plugins\Can_TS_T40D2M10I2R0\generate_PC\src\Can_Cfg.c: FAILED
plugins\Can_TS_T40D2M10I2R0\generate_swcd\swcd\Can_Bswmd.arxml: FAILED
plugins\Can_TS_T40D2M10I2R0\generate_swcd\swcd\Can_Bswmd.arxml.EB_update: FAILED
plugins\Can_TS_T40D2M10I2R0\generate_swcd\swcd\can_Bswmd.arxml.origin_version: FAILED
plugins\Can_TS_T40D2M10I2R0\include\Can.h: FAILED
plugins\Can_TS_T40D2M10I2R0\include\Can.h.EB_update: FAILED
plugins\Can_TS_T40D2M10I2R0\include\Can.h.origin_version: FAILED
plugins\Can_TS_T40D2M10I2R0\include\Can_Flexcan.h: FAILED
plugins\Can_TS_T40D2M10I2R0\include\Can_Flexcan.h.EB_update: FAILED
plugins\Can_TS_T40D2M10I2R0\include\Can_Flexcan.h.origin_version: FAILED
plugins\Can_TS_T40D2M10I2R0\include\Can_IPW.h: FAILED
plugins\Can_TS_T40D2M10I2R0\include\Reg_eSys_FlexCan.h: FAILED
plugins\Can_TS_T40D2M10I2R0\make\Can_defs.mak: FAILED
plugins\Can_TS_T40D2M10I2R0\make\Can_rules.mak: FAILED
plugins\Can_TS_T40D2M10I2R0\perform_MCAL_change.bat: OK
plugins\Can_TS_T40D2M10I2R0\plugin.xml: FAILED
plugins\Can_TS_T40D2M10I2R0\plugin.xml.EB_update: FAILED
plugins\Can_TS_T40D2M10I2R0\plugin.xml.origin_version: OK
plugins\Can_TS_T40D2M10I2R0\resources\Can_Dem_Events.xml: FAILED
plugins\Can_TS_T40D2M10I2R0\resources\Can_Dem_Events.xml.EB_update: FAILED
plugins\Can_TS_T40D2M10I2R0\resources\Can_EcuM_InitFunctions.xml: FAILED
plugins\Can_TS_T40D2M10I2R0\resources\Can_EcuM_InitFunctions.xml.EB_update: FAILED
plugins\Can_TS_T40D2M10I2R0\resources\Can_SchM_MainFunctions.xml: FAILED
plugins\Can_TS_T40D2M10I2R0\resources\Can_SchM_MainFunctions.xml.EB_update: FAILED
plugins\Can_TS_T40D2M10I2R0\src\Can.c: FAILED
plugins\Can_TS_T40D2M10I2R0\src\Can_Flexcan.c: FAILED
plugins\Can_TS_T40D2M10I2R0\src\Can_Irq.c: FAILED
S:\Tools\EB_Bootloader\Workspace\checksums\bin\sha1sum.exe: WARNING: 33 of 63 computed checksums did NOT match
