plugins\CanIf_TS_TxDxM6I9R0\META-INF\MANIFEST.MF: FAILED
plugins\CanIf_TS_TxDxM6I9R0\anchors.xml: FAILED
plugins\CanIf_TS_TxDxM6I9R0\autosar\CanIf.bmd: OK
plugins\CanIf_TS_TxDxM6I9R0\config\CanIf.xdm: OK
plugins\CanIf_TS_TxDxM6I9R0\config_ext\CanIfRecConfigurationDflt.xdm: FAILED
plugins\CanIf_TS_TxDxM6I9R0\generate\include\CanIf_Can.h: FAILED
plugins\CanIf_TS_TxDxM6I9R0\generate\include\CanIf_CanTrcv.h: FAILED
plugins\CanIf_TS_TxDxM6I9R0\generate\include\CanIf_Cbk.h: FAILED
plugins\CanIf_TS_TxDxM6I9R0\generate\include\CanIf_Cfg.h: FAILED
plugins\CanIf_TS_TxDxM6I9R0\generate\include\CanIf_Int_Cfg.h: FAILED
plugins\CanIf_TS_TxDxM6I9R0\generate\include\CanIf_Lcfg.h: FAILED
plugins\CanIf_TS_TxDxM6I9R0\generate\include\CanIf_MultiMF.h: FAILED
plugins\CanIf_TS_TxDxM6I9R0\generate\include\CanIf_PBcfg.h: FAILED
plugins\CanIf_TS_TxDxM6I9R0\generate\include\CanIf_SymbolicNames_PBcfg.h: FAILED
plugins\CanIf_TS_TxDxM6I9R0\generate\include\CanIf_Types.h: FAILED
plugins\CanIf_TS_TxDxM6I9R0\generate\src\CanIf_Cfg.c: FAILED
plugins\CanIf_TS_TxDxM6I9R0\generate\src\CanIf_Lcfg.c: FAILED
plugins\CanIf_TS_TxDxM6I9R0\generate\src\CanIf_MultiMF.c: FAILED
plugins\CanIf_TS_TxDxM6I9R0\generate\src\CanIf_PBCfg.c: FAILED
plugins\CanIf_TS_TxDxM6I9R0\generate_macros\CanIf_Checks.m: FAILED
plugins\CanIf_TS_TxDxM6I9R0\generate_macros\CanIf_DecoupledProcessing.m: FAILED
plugins\CanIf_TS_TxDxM6I9R0\generate_macros\CanIf_Macros.m: FAILED
plugins\CanIf_TS_TxDxM6I9R0\generate_macros\CanIf_PreCompileMacros.m: FAILED
plugins\CanIf_TS_TxDxM6I9R0\generate_swcd\swcd\CanIf_Bswmd.arxml: FAILED
plugins\CanIf_TS_TxDxM6I9R0\generate_var\include\CanIf_Variant_SymbolicNames_PBcfg.h: FAILED
plugins\CanIf_TS_TxDxM6I9R0\generate_var\xgen\CanIf.xgen: OK
plugins\CanIf_TS_TxDxM6I9R0\include\CanIf.h: FAILED
plugins\CanIf_TS_TxDxM6I9R0\include\CanIf_Api.h: FAILED
plugins\CanIf_TS_TxDxM6I9R0\include\CanIf_Int.h: FAILED
plugins\CanIf_TS_TxDxM6I9R0\include\CanIf_Trace.h: FAILED
plugins\CanIf_TS_TxDxM6I9R0\include\CanIf_Trace_Internal.h: FAILED
plugins\CanIf_TS_TxDxM6I9R0\include\CanIf_Version.h: FAILED
plugins\CanIf_TS_TxDxM6I9R0\integration_requirements\CanIf_integration_req.reqm: FAILED
plugins\CanIf_TS_TxDxM6I9R0\make\CanIf_defs.mak: FAILED
plugins\CanIf_TS_TxDxM6I9R0\make\CanIf_rules.mak: FAILED
plugins\CanIf_TS_TxDxM6I9R0\plugin.xml: FAILED
plugins\CanIf_TS_TxDxM6I9R0\resources\AdjacentLayer.properties: FAILED
plugins\CanIf_TS_TxDxM6I9R0\resources\generator.xml: OK
plugins\CanIf_TS_TxDxM6I9R0\src\CanIf.c: FAILED
S:\Tools\EB_Bootloader\Workspace\checksums\bin\sha1sum.exe: WARNING: 35 of 39 computed checksums did NOT match
