S:\Tools\EB_Bootloader\Workspace\checksums\bin\sha1sum.exe: plugins\CanNm_TS_TxDxM6I19R0\META-INF\MANIFEST.MF: No such file or directory
plugins\CanNm_TS_TxDxM6I19R0\META-INF\MANIFEST.MF: FAILED open or read
S:\Tools\EB_Bootloader\Workspace\checksums\bin\sha1sum.exe: plugins\CanNm_TS_TxDxM6I19R0\anchors.xml: No such file or directory
plugins\CanNm_TS_TxDxM6I19R0\anchors.xml: FAILED open or read
S:\Tools\EB_Bootloader\Workspace\checksums\bin\sha1sum.exe: plugins\CanNm_TS_TxDxM6I19R0\autosar\CanNm.bmd: No such file or directory
plugins\CanNm_TS_TxDxM6I19R0\autosar\CanNm.bmd: FAILED open or read
S:\Tools\EB_Bootloader\Workspace\checksums\bin\sha1sum.exe: plugins\CanNm_TS_TxDxM6I19R0\config\CanNm.xdm: No such file or directory
plugins\CanNm_TS_TxDxM6I19R0\config\CanNm.xdm: FAILED open or read
S:\Tools\EB_Bootloader\Workspace\checksums\bin\sha1sum.exe: plugins\CanNm_TS_TxDxM6I19R0\generate\include\CanNm_Cfg.h: No such file or directory
plugins\CanNm_TS_TxDxM6I19R0\generate\include\CanNm_Cfg.h: FAILED open or read
S:\Tools\EB_Bootloader\Workspace\checksums\bin\sha1sum.exe: plugins\CanNm_TS_TxDxM6I19R0\generate\include\CanNm_Lcfg.h: No such file or directory
plugins\CanNm_TS_TxDxM6I19R0\generate\include\CanNm_Lcfg.h: FAILED open or read
S:\Tools\EB_Bootloader\Workspace\checksums\bin\sha1sum.exe: plugins\CanNm_TS_TxDxM6I19R0\generate\include\CanNm_PBcfg.h: No such file or directory
plugins\CanNm_TS_TxDxM6I19R0\generate\include\CanNm_PBcfg.h: FAILED open or read
S:\Tools\EB_Bootloader\Workspace\checksums\bin\sha1sum.exe: plugins\CanNm_TS_TxDxM6I19R0\generate\include\CanNm_SymbolicNames_PBcfg.h: No such file or directory
plugins\CanNm_TS_TxDxM6I19R0\generate\include\CanNm_SymbolicNames_PBcfg.h: FAILED open or read
S:\Tools\EB_Bootloader\Workspace\checksums\bin\sha1sum.exe: plugins\CanNm_TS_TxDxM6I19R0\generate\src\CanNm_Cfg.c: No such file or directory
plugins\CanNm_TS_TxDxM6I19R0\generate\src\CanNm_Cfg.c: FAILED open or read
S:\Tools\EB_Bootloader\Workspace\checksums\bin\sha1sum.exe: plugins\CanNm_TS_TxDxM6I19R0\generate\src\CanNm_Lcfg.c: No such file or directory
plugins\CanNm_TS_TxDxM6I19R0\generate\src\CanNm_Lcfg.c: FAILED open or read
S:\Tools\EB_Bootloader\Workspace\checksums\bin\sha1sum.exe: plugins\CanNm_TS_TxDxM6I19R0\generate\src\CanNm_PBCfg.c: No such file or directory
plugins\CanNm_TS_TxDxM6I19R0\generate\src\CanNm_PBCfg.c: FAILED open or read
S:\Tools\EB_Bootloader\Workspace\checksums\bin\sha1sum.exe: plugins\CanNm_TS_TxDxM6I19R0\generate_macros\CanNm_Checks.m: No such file or directory
plugins\CanNm_TS_TxDxM6I19R0\generate_macros\CanNm_Checks.m: FAILED open or read
S:\Tools\EB_Bootloader\Workspace\checksums\bin\sha1sum.exe: plugins\CanNm_TS_TxDxM6I19R0\generate_macros\CanNm_Macros.m: No such file or directory
plugins\CanNm_TS_TxDxM6I19R0\generate_macros\CanNm_Macros.m: FAILED open or read
S:\Tools\EB_Bootloader\Workspace\checksums\bin\sha1sum.exe: plugins\CanNm_TS_TxDxM6I19R0\generate_swcd\swcd\CanNm_Bswmd.arxml: No such file or directory
plugins\CanNm_TS_TxDxM6I19R0\generate_swcd\swcd\CanNm_Bswmd.arxml: FAILED open or read
S:\Tools\EB_Bootloader\Workspace\checksums\bin\sha1sum.exe: plugins\CanNm_TS_TxDxM6I19R0\generate_var\xgen\CanNm.xgen: No such file or directory
plugins\CanNm_TS_TxDxM6I19R0\generate_var\xgen\CanNm.xgen: FAILED open or read
S:\Tools\EB_Bootloader\Workspace\checksums\bin\sha1sum.exe: plugins\CanNm_TS_TxDxM6I19R0\include\CanNm.h: No such file or directory
plugins\CanNm_TS_TxDxM6I19R0\include\CanNm.h: FAILED open or read
S:\Tools\EB_Bootloader\Workspace\checksums\bin\sha1sum.exe: plugins\CanNm_TS_TxDxM6I19R0\include\CanNm_Api.h: No such file or directory
plugins\CanNm_TS_TxDxM6I19R0\include\CanNm_Api.h: FAILED open or read
S:\Tools\EB_Bootloader\Workspace\checksums\bin\sha1sum.exe: plugins\CanNm_TS_TxDxM6I19R0\include\CanNm_Cbk.h: No such file or directory
plugins\CanNm_TS_TxDxM6I19R0\include\CanNm_Cbk.h: FAILED open or read
S:\Tools\EB_Bootloader\Workspace\checksums\bin\sha1sum.exe: plugins\CanNm_TS_TxDxM6I19R0\include\CanNm_Hsm.h: No such file or directory
plugins\CanNm_TS_TxDxM6I19R0\include\CanNm_Hsm.h: FAILED open or read
S:\Tools\EB_Bootloader\Workspace\checksums\bin\sha1sum.exe: plugins\CanNm_TS_TxDxM6I19R0\include\CanNm_HsmCanNm.h: No such file or directory
plugins\CanNm_TS_TxDxM6I19R0\include\CanNm_HsmCanNm.h: FAILED open or read
S:\Tools\EB_Bootloader\Workspace\checksums\bin\sha1sum.exe: plugins\CanNm_TS_TxDxM6I19R0\include\CanNm_HsmCanNmInt.h: No such file or directory
plugins\CanNm_TS_TxDxM6I19R0\include\CanNm_HsmCanNmInt.h: FAILED open or read
S:\Tools\EB_Bootloader\Workspace\checksums\bin\sha1sum.exe: plugins\CanNm_TS_TxDxM6I19R0\include\CanNm_HsmCfg.h: No such file or directory
plugins\CanNm_TS_TxDxM6I19R0\include\CanNm_HsmCfg.h: FAILED open or read
S:\Tools\EB_Bootloader\Workspace\checksums\bin\sha1sum.exe: plugins\CanNm_TS_TxDxM6I19R0\include\CanNm_Int.h: No such file or directory
plugins\CanNm_TS_TxDxM6I19R0\include\CanNm_Int.h: FAILED open or read
S:\Tools\EB_Bootloader\Workspace\checksums\bin\sha1sum.exe: plugins\CanNm_TS_TxDxM6I19R0\include\CanNm_Lcfg_Static.h: No such file or directory
plugins\CanNm_TS_TxDxM6I19R0\include\CanNm_Lcfg_Static.h: FAILED open or read
S:\Tools\EB_Bootloader\Workspace\checksums\bin\sha1sum.exe: plugins\CanNm_TS_TxDxM6I19R0\include\CanNm_Trace.h: No such file or directory
plugins\CanNm_TS_TxDxM6I19R0\include\CanNm_Trace.h: FAILED open or read
S:\Tools\EB_Bootloader\Workspace\checksums\bin\sha1sum.exe: plugins\CanNm_TS_TxDxM6I19R0\include\CanNm_Trace_Internal.h: No such file or directory
plugins\CanNm_TS_TxDxM6I19R0\include\CanNm_Trace_Internal.h: FAILED open or read
S:\Tools\EB_Bootloader\Workspace\checksums\bin\sha1sum.exe: plugins\CanNm_TS_TxDxM6I19R0\include\CanNm_Version.h: No such file or directory
plugins\CanNm_TS_TxDxM6I19R0\include\CanNm_Version.h: FAILED open or read
S:\Tools\EB_Bootloader\Workspace\checksums\bin\sha1sum.exe: plugins\CanNm_TS_TxDxM6I19R0\make\CanNm_defs.mak: No such file or directory
plugins\CanNm_TS_TxDxM6I19R0\make\CanNm_defs.mak: FAILED open or read
S:\Tools\EB_Bootloader\Workspace\checksums\bin\sha1sum.exe: plugins\CanNm_TS_TxDxM6I19R0\make\CanNm_rules.mak: No such file or directory
plugins\CanNm_TS_TxDxM6I19R0\make\CanNm_rules.mak: FAILED open or read
S:\Tools\EB_Bootloader\Workspace\checksums\bin\sha1sum.exe: plugins\CanNm_TS_TxDxM6I19R0\plugin.xml: No such file or directory
plugins\CanNm_TS_TxDxM6I19R0\plugin.xml: FAILED open or read
S:\Tools\EB_Bootloader\Workspace\checksums\bin\sha1sum.exe: plugins\CanNm_TS_TxDxM6I19R0\resources\AdjacentLayer.properties: No such file or directory
plugins\CanNm_TS_TxDxM6I19R0\resources\AdjacentLayer.properties: FAILED open or read
S:\Tools\EB_Bootloader\Workspace\checksums\bin\sha1sum.exe: plugins\CanNm_TS_TxDxM6I19R0\resources\CanNm_SchM_MainFunctions.xml: No such file or directory
plugins\CanNm_TS_TxDxM6I19R0\resources\CanNm_SchM_MainFunctions.xml: FAILED open or read
S:\Tools\EB_Bootloader\Workspace\checksums\bin\sha1sum.exe: plugins\CanNm_TS_TxDxM6I19R0\resources\generator.xml: No such file or directory
plugins\CanNm_TS_TxDxM6I19R0\resources\generator.xml: FAILED open or read
S:\Tools\EB_Bootloader\Workspace\checksums\bin\sha1sum.exe: plugins\CanNm_TS_TxDxM6I19R0\src\CanNm.c: No such file or directory
plugins\CanNm_TS_TxDxM6I19R0\src\CanNm.c: FAILED open or read
S:\Tools\EB_Bootloader\Workspace\checksums\bin\sha1sum.exe: plugins\CanNm_TS_TxDxM6I19R0\src\CanNm_Hsm.c: No such file or directory
plugins\CanNm_TS_TxDxM6I19R0\src\CanNm_Hsm.c: FAILED open or read
S:\Tools\EB_Bootloader\Workspace\checksums\bin\sha1sum.exe: plugins\CanNm_TS_TxDxM6I19R0\src\CanNm_HsmCanNmData.c: No such file or directory
plugins\CanNm_TS_TxDxM6I19R0\src\CanNm_HsmCanNmData.c: FAILED open or read
S:\Tools\EB_Bootloader\Workspace\checksums\bin\sha1sum.exe: plugins\CanNm_TS_TxDxM6I19R0\src\CanNm_HsmCanNmFnct.c: No such file or directory
plugins\CanNm_TS_TxDxM6I19R0\src\CanNm_HsmCanNmFnct.c: FAILED open or read
S:\Tools\EB_Bootloader\Workspace\checksums\bin\sha1sum.exe: WARNING: 37 of 37 listed files could not be read
