plugins\CanTp_TS_TxDxM6I8R0\META-INF\MANIFEST.MF: FAILED
plugins\CanTp_TS_TxDxM6I8R0\anchors.xml: OK
plugins\CanTp_TS_TxDxM6I8R0\autosar\CanTp.bmd: FAILED
plugins\CanTp_TS_TxDxM6I8R0\config\CanTp.xdm: FAILED
plugins\CanTp_TS_TxDxM6I8R0\generate\include\CanTp_Cfg.h: FAILED
plugins\CanTp_TS_TxDxM6I8R0\generate\include\CanTp_EntryTable.h: FAILED
plugins\CanTp_TS_TxDxM6I8R0\generate\include\CanTp_EntryTableTypes.h: FAILED
plugins\CanTp_TS_TxDxM6I8R0\generate\include\CanTp_ExitTable.h: FAILED
plugins\CanTp_TS_TxDxM6I8R0\generate\include\CanTp_ExitTableTypes.h: FAILED
plugins\CanTp_TS_TxDxM6I8R0\generate\include\CanTp_InternalCfg.h: FAILED
plugins\CanTp_TS_TxDxM6I8R0\generate\include\CanTp_Lcfg.h: FAILED
plugins\CanTp_TS_TxDxM6I8R0\generate\include\CanTp_PBcfg.h: FAILED
plugins\CanTp_TS_TxDxM6I8R0\generate\src\CanTp_Cfg.c: FAILED
plugins\CanTp_TS_TxDxM6I8R0\generate\src\CanTp_EntryTable.c: FAILED
plugins\CanTp_TS_TxDxM6I8R0\generate\src\CanTp_ExitTable.c: FAILED
plugins\CanTp_TS_TxDxM6I8R0\generate\src\CanTp_Lcfg.c: FAILED
plugins\CanTp_TS_TxDxM6I8R0\generate\src\CanTp_PBCfg.c: FAILED
plugins\CanTp_TS_TxDxM6I8R0\generate_macros\CanTp_PostBuild.m: FAILED
plugins\CanTp_TS_TxDxM6I8R0\generate_macros\CanTp_Precompile.m: FAILED
plugins\CanTp_TS_TxDxM6I8R0\generate_swcd\swcd\CanTp_Bswmd.arxml: FAILED
plugins\CanTp_TS_TxDxM6I8R0\generate_var\include\CanTp_SymbolicNames_Common_PBcfg.h: FAILED
plugins\CanTp_TS_TxDxM6I8R0\generate_var\include\CanTp_Variant_Gpt_Cbk.h: FAILED
plugins\CanTp_TS_TxDxM6I8R0\generate_var\include\CanTp_Variant_SymbolicNames_PBcfg.h: FAILED
plugins\CanTp_TS_TxDxM6I8R0\generate_var\src\CanTp_Variant_Gpt_Cbk.c: FAILED
plugins\CanTp_TS_TxDxM6I8R0\generate_var\xgen\CanTp.xgen: FAILED
plugins\CanTp_TS_TxDxM6I8R0\include\CanTp.h: FAILED
plugins\CanTp_TS_TxDxM6I8R0\include\CanTp_Api.h: FAILED
plugins\CanTp_TS_TxDxM6I8R0\include\CanTp_Cbk.h: FAILED
plugins\CanTp_TS_TxDxM6I8R0\include\CanTp_EntryTableApi.h: FAILED
plugins\CanTp_TS_TxDxM6I8R0\include\CanTp_EntryTableCbk.h: FAILED
plugins\CanTp_TS_TxDxM6I8R0\include\CanTp_Internal.h: FAILED
plugins\CanTp_TS_TxDxM6I8R0\include\CanTp_InternalLib.h: FAILED
plugins\CanTp_TS_TxDxM6I8R0\include\CanTp_Trace.h: FAILED
plugins\CanTp_TS_TxDxM6I8R0\include\CanTp_Trace_Internal.h: FAILED
plugins\CanTp_TS_TxDxM6I8R0\include\CanTp_Types.h: FAILED
plugins\CanTp_TS_TxDxM6I8R0\include\CanTp_Version.h: FAILED
plugins\CanTp_TS_TxDxM6I8R0\integration_requirements\CanTp_integration_req.reqm: OK
plugins\CanTp_TS_TxDxM6I8R0\make\CanTp_defs.mak: FAILED
plugins\CanTp_TS_TxDxM6I8R0\make\CanTp_rules.mak: FAILED
plugins\CanTp_TS_TxDxM6I8R0\plugin.xml: FAILED
plugins\CanTp_TS_TxDxM6I8R0\resources\AdjacentLayer.properties: OK
plugins\CanTp_TS_TxDxM6I8R0\resources\CanTp_SchM_MainFunctions.xml: OK
plugins\CanTp_TS_TxDxM6I8R0\resources\generator.xml: OK
plugins\CanTp_TS_TxDxM6I8R0\src\CanTp.c: FAILED
plugins\CanTp_TS_TxDxM6I8R0\src\CanTp_CancelReceive.c: FAILED
plugins\CanTp_TS_TxDxM6I8R0\src\CanTp_CancelTransmit.c: FAILED
plugins\CanTp_TS_TxDxM6I8R0\src\CanTp_ChangeParameter.c: FAILED
plugins\CanTp_TS_TxDxM6I8R0\src\CanTp_GetNSa.c: FAILED
plugins\CanTp_TS_TxDxM6I8R0\src\CanTp_GetVersionInfo.c: FAILED
plugins\CanTp_TS_TxDxM6I8R0\src\CanTp_Init.c: FAILED
plugins\CanTp_TS_TxDxM6I8R0\src\CanTp_MainFunction.c: FAILED
plugins\CanTp_TS_TxDxM6I8R0\src\CanTp_Merged.c: FAILED
plugins\CanTp_TS_TxDxM6I8R0\src\CanTp_PrepareFC.c: FAILED
plugins\CanTp_TS_TxDxM6I8R0\src\CanTp_PreparexF.c: FAILED
plugins\CanTp_TS_TxDxM6I8R0\src\CanTp_ReadParameter.c: FAILED
plugins\CanTp_TS_TxDxM6I8R0\src\CanTp_RxBufferDependentSend.c: FAILED
plugins\CanTp_TS_TxDxM6I8R0\src\CanTp_RxIndication.c: FAILED
plugins\CanTp_TS_TxDxM6I8R0\src\CanTp_STminCallback.c: FAILED
plugins\CanTp_TS_TxDxM6I8R0\src\CanTp_SetNSa.c: FAILED
plugins\CanTp_TS_TxDxM6I8R0\src\CanTp_StopChannel.c: FAILED
plugins\CanTp_TS_TxDxM6I8R0\src\CanTp_Transmit.c: FAILED
plugins\CanTp_TS_TxDxM6I8R0\src\CanTp_TransmitFrame.c: FAILED
plugins\CanTp_TS_TxDxM6I8R0\src\CanTp_TxBufferDependentSend.c: FAILED
plugins\CanTp_TS_TxDxM6I8R0\src\CanTp_TxConfirmation.c: FAILED
plugins\CanTp_TS_TxDxM6I8R0\src\CanTp_UnlockChannel.c: FAILED
S:\Tools\EB_Bootloader\Workspace\checksums\bin\sha1sum.exe: WARNING: 60 of 65 computed checksums did NOT match
