S:\Tools\EB_Bootloader\Workspace\checksums\bin\sha1sum.exe: plugins\ComM_TS_TxDxM5I19R0\META-INF\MANIFEST.MF: No such file or directory
plugins\ComM_TS_TxDxM5I19R0\META-INF\MANIFEST.MF: FAILED open or read
S:\Tools\EB_Bootloader\Workspace\checksums\bin\sha1sum.exe: plugins\ComM_TS_TxDxM5I19R0\anchors.xml: No such file or directory
plugins\ComM_TS_TxDxM5I19R0\anchors.xml: FAILED open or read
S:\Tools\EB_Bootloader\Workspace\checksums\bin\sha1sum.exe: plugins\ComM_TS_TxDxM5I19R0\autosar\ComM.bmd: No such file or directory
plugins\ComM_TS_TxDxM5I19R0\autosar\ComM.bmd: FAILED open or read
S:\Tools\EB_Bootloader\Workspace\checksums\bin\sha1sum.exe: plugins\ComM_TS_TxDxM5I19R0\config\ComM.xdm: No such file or directory
plugins\ComM_TS_TxDxM5I19R0\config\ComM.xdm: FAILED open or read
S:\Tools\EB_Bootloader\Workspace\checksums\bin\sha1sum.exe: plugins\ComM_TS_TxDxM5I19R0\generate\include\ComM_Cfg.h: No such file or directory
plugins\ComM_TS_TxDxM5I19R0\generate\include\ComM_Cfg.h: FAILED open or read
S:\Tools\EB_Bootloader\Workspace\checksums\bin\sha1sum.exe: plugins\ComM_TS_TxDxM5I19R0\generate\include\ComM_DefProg_Cfg.h: No such file or directory
plugins\ComM_TS_TxDxM5I19R0\generate\include\ComM_DefProg_Cfg.h: FAILED open or read
S:\Tools\EB_Bootloader\Workspace\checksums\bin\sha1sum.exe: plugins\ComM_TS_TxDxM5I19R0\generate\include\ComM_Lcfg.h: No such file or directory
plugins\ComM_TS_TxDxM5I19R0\generate\include\ComM_Lcfg.h: FAILED open or read
S:\Tools\EB_Bootloader\Workspace\checksums\bin\sha1sum.exe: plugins\ComM_TS_TxDxM5I19R0\generate\include\ComM_PBcfg.h: No such file or directory
plugins\ComM_TS_TxDxM5I19R0\generate\include\ComM_PBcfg.h: FAILED open or read
S:\Tools\EB_Bootloader\Workspace\checksums\bin\sha1sum.exe: plugins\ComM_TS_TxDxM5I19R0\generate\include\ComM_Rte_Cfg.h: No such file or directory
plugins\ComM_TS_TxDxM5I19R0\generate\include\ComM_Rte_Cfg.h: FAILED open or read
S:\Tools\EB_Bootloader\Workspace\checksums\bin\sha1sum.exe: plugins\ComM_TS_TxDxM5I19R0\generate\include\ComM_SymbolicNames_PBcfg.h: No such file or directory
plugins\ComM_TS_TxDxM5I19R0\generate\include\ComM_SymbolicNames_PBcfg.h: FAILED open or read
S:\Tools\EB_Bootloader\Workspace\checksums\bin\sha1sum.exe: plugins\ComM_TS_TxDxM5I19R0\generate\src\ComM_BSW_Cfg.c: No such file or directory
plugins\ComM_TS_TxDxM5I19R0\generate\src\ComM_BSW_Cfg.c: FAILED open or read
S:\Tools\EB_Bootloader\Workspace\checksums\bin\sha1sum.exe: plugins\ComM_TS_TxDxM5I19R0\generate\src\ComM_Lcfg.c: No such file or directory
plugins\ComM_TS_TxDxM5I19R0\generate\src\ComM_Lcfg.c: FAILED open or read
S:\Tools\EB_Bootloader\Workspace\checksums\bin\sha1sum.exe: plugins\ComM_TS_TxDxM5I19R0\generate\src\ComM_MainFunction.c: No such file or directory
plugins\ComM_TS_TxDxM5I19R0\generate\src\ComM_MainFunction.c: FAILED open or read
S:\Tools\EB_Bootloader\Workspace\checksums\bin\sha1sum.exe: plugins\ComM_TS_TxDxM5I19R0\generate\src\ComM_PBCfg.c: No such file or directory
plugins\ComM_TS_TxDxM5I19R0\generate\src\ComM_PBCfg.c: FAILED open or read
S:\Tools\EB_Bootloader\Workspace\checksums\bin\sha1sum.exe: plugins\ComM_TS_TxDxM5I19R0\generate\src\ComM_Rte_Cfg.c: No such file or directory
plugins\ComM_TS_TxDxM5I19R0\generate\src\ComM_Rte_Cfg.c: FAILED open or read
S:\Tools\EB_Bootloader\Workspace\checksums\bin\sha1sum.exe: plugins\ComM_TS_TxDxM5I19R0\generate_asr32_swcd\swcd\ComM_ASR32_Bswmd.arxml: No such file or directory
plugins\ComM_TS_TxDxM5I19R0\generate_asr32_swcd\swcd\ComM_ASR32_Bswmd.arxml: FAILED open or read
S:\Tools\EB_Bootloader\Workspace\checksums\bin\sha1sum.exe: plugins\ComM_TS_TxDxM5I19R0\generate_asr32_swcd\swcd\ComM_ASR32_swc_interface.arxml: No such file or directory
plugins\ComM_TS_TxDxM5I19R0\generate_asr32_swcd\swcd\ComM_ASR32_swc_interface.arxml: FAILED open or read
S:\Tools\EB_Bootloader\Workspace\checksums\bin\sha1sum.exe: plugins\ComM_TS_TxDxM5I19R0\generate_asr32_swcd\swcd\ComM_ASR32_swc_internal.arxml: No such file or directory
plugins\ComM_TS_TxDxM5I19R0\generate_asr32_swcd\swcd\ComM_ASR32_swc_internal.arxml: FAILED open or read
S:\Tools\EB_Bootloader\Workspace\checksums\bin\sha1sum.exe: plugins\ComM_TS_TxDxM5I19R0\generate_asr40_swcd\swcd\ComM_ASR40_Bswmd.arxml: No such file or directory
plugins\ComM_TS_TxDxM5I19R0\generate_asr40_swcd\swcd\ComM_ASR40_Bswmd.arxml: FAILED open or read
S:\Tools\EB_Bootloader\Workspace\checksums\bin\sha1sum.exe: plugins\ComM_TS_TxDxM5I19R0\generate_asr40_swcd\swcd\ComM_ASR40_swc_interface.arxml: No such file or directory
plugins\ComM_TS_TxDxM5I19R0\generate_asr40_swcd\swcd\ComM_ASR40_swc_interface.arxml: FAILED open or read
S:\Tools\EB_Bootloader\Workspace\checksums\bin\sha1sum.exe: plugins\ComM_TS_TxDxM5I19R0\generate_asr40_swcd\swcd\ComM_ASR40_swc_internal.arxml: No such file or directory
plugins\ComM_TS_TxDxM5I19R0\generate_asr40_swcd\swcd\ComM_ASR40_swc_internal.arxml: FAILED open or read
S:\Tools\EB_Bootloader\Workspace\checksums\bin\sha1sum.exe: plugins\ComM_TS_TxDxM5I19R0\generate_macros\ComM_Checks.m: No such file or directory
plugins\ComM_TS_TxDxM5I19R0\generate_macros\ComM_Checks.m: FAILED open or read
S:\Tools\EB_Bootloader\Workspace\checksums\bin\sha1sum.exe: plugins\ComM_TS_TxDxM5I19R0\generate_macros\ComM_Functions.m: No such file or directory
plugins\ComM_TS_TxDxM5I19R0\generate_macros\ComM_Functions.m: FAILED open or read
S:\Tools\EB_Bootloader\Workspace\checksums\bin\sha1sum.exe: plugins\ComM_TS_TxDxM5I19R0\generate_swcd\swcd\ComM_Bswmd.arxml: No such file or directory
plugins\ComM_TS_TxDxM5I19R0\generate_swcd\swcd\ComM_Bswmd.arxml: FAILED open or read
S:\Tools\EB_Bootloader\Workspace\checksums\bin\sha1sum.exe: plugins\ComM_TS_TxDxM5I19R0\generate_swcd\swcd\ComM_Functions.m: No such file or directory
plugins\ComM_TS_TxDxM5I19R0\generate_swcd\swcd\ComM_Functions.m: FAILED open or read
S:\Tools\EB_Bootloader\Workspace\checksums\bin\sha1sum.exe: plugins\ComM_TS_TxDxM5I19R0\generate_swcd\swcd\ComM_swc_interface.arxml: No such file or directory
plugins\ComM_TS_TxDxM5I19R0\generate_swcd\swcd\ComM_swc_interface.arxml: FAILED open or read
S:\Tools\EB_Bootloader\Workspace\checksums\bin\sha1sum.exe: plugins\ComM_TS_TxDxM5I19R0\generate_swcd\swcd\ComM_swc_internal.arxml: No such file or directory
plugins\ComM_TS_TxDxM5I19R0\generate_swcd\swcd\ComM_swc_internal.arxml: FAILED open or read
S:\Tools\EB_Bootloader\Workspace\checksums\bin\sha1sum.exe: plugins\ComM_TS_TxDxM5I19R0\generate_var\xgen\ComM.xgen: No such file or directory
plugins\ComM_TS_TxDxM5I19R0\generate_var\xgen\ComM.xgen: FAILED open or read
S:\Tools\EB_Bootloader\Workspace\checksums\bin\sha1sum.exe: plugins\ComM_TS_TxDxM5I19R0\include\ComM.h: No such file or directory
plugins\ComM_TS_TxDxM5I19R0\include\ComM.h: FAILED open or read
S:\Tools\EB_Bootloader\Workspace\checksums\bin\sha1sum.exe: plugins\ComM_TS_TxDxM5I19R0\include\ComM_BSW.h: No such file or directory
plugins\ComM_TS_TxDxM5I19R0\include\ComM_BSW.h: FAILED open or read
S:\Tools\EB_Bootloader\Workspace\checksums\bin\sha1sum.exe: plugins\ComM_TS_TxDxM5I19R0\include\ComM_BSW_Cfg.h: No such file or directory
plugins\ComM_TS_TxDxM5I19R0\include\ComM_BSW_Cfg.h: FAILED open or read
S:\Tools\EB_Bootloader\Workspace\checksums\bin\sha1sum.exe: plugins\ComM_TS_TxDxM5I19R0\include\ComM_BSW_Types.h: No such file or directory
plugins\ComM_TS_TxDxM5I19R0\include\ComM_BSW_Types.h: FAILED open or read
S:\Tools\EB_Bootloader\Workspace\checksums\bin\sha1sum.exe: plugins\ComM_TS_TxDxM5I19R0\include\ComM_BusSm.h: No such file or directory
plugins\ComM_TS_TxDxM5I19R0\include\ComM_BusSm.h: FAILED open or read
S:\Tools\EB_Bootloader\Workspace\checksums\bin\sha1sum.exe: plugins\ComM_TS_TxDxM5I19R0\include\ComM_Dcm.h: No such file or directory
plugins\ComM_TS_TxDxM5I19R0\include\ComM_Dcm.h: FAILED open or read
S:\Tools\EB_Bootloader\Workspace\checksums\bin\sha1sum.exe: plugins\ComM_TS_TxDxM5I19R0\include\ComM_EcuMBswM.h: No such file or directory
plugins\ComM_TS_TxDxM5I19R0\include\ComM_EcuMBswM.h: FAILED open or read
S:\Tools\EB_Bootloader\Workspace\checksums\bin\sha1sum.exe: plugins\ComM_TS_TxDxM5I19R0\include\ComM_Hsm.h: No such file or directory
plugins\ComM_TS_TxDxM5I19R0\include\ComM_Hsm.h: FAILED open or read
S:\Tools\EB_Bootloader\Workspace\checksums\bin\sha1sum.exe: plugins\ComM_TS_TxDxM5I19R0\include\ComM_HsmCfg.h: No such file or directory
plugins\ComM_TS_TxDxM5I19R0\include\ComM_HsmCfg.h: FAILED open or read
S:\Tools\EB_Bootloader\Workspace\checksums\bin\sha1sum.exe: plugins\ComM_TS_TxDxM5I19R0\include\ComM_HsmComM.h: No such file or directory
plugins\ComM_TS_TxDxM5I19R0\include\ComM_HsmComM.h: FAILED open or read
S:\Tools\EB_Bootloader\Workspace\checksums\bin\sha1sum.exe: plugins\ComM_TS_TxDxM5I19R0\include\ComM_HsmComMInt.h: No such file or directory
plugins\ComM_TS_TxDxM5I19R0\include\ComM_HsmComMInt.h: FAILED open or read
S:\Tools\EB_Bootloader\Workspace\checksums\bin\sha1sum.exe: plugins\ComM_TS_TxDxM5I19R0\include\ComM_HsmComMPnc.h: No such file or directory
plugins\ComM_TS_TxDxM5I19R0\include\ComM_HsmComMPnc.h: FAILED open or read
S:\Tools\EB_Bootloader\Workspace\checksums\bin\sha1sum.exe: plugins\ComM_TS_TxDxM5I19R0\include\ComM_HsmComMPncInt.h: No such file or directory
plugins\ComM_TS_TxDxM5I19R0\include\ComM_HsmComMPncInt.h: FAILED open or read
S:\Tools\EB_Bootloader\Workspace\checksums\bin\sha1sum.exe: plugins\ComM_TS_TxDxM5I19R0\include\ComM_Int.h: No such file or directory
plugins\ComM_TS_TxDxM5I19R0\include\ComM_Int.h: FAILED open or read
S:\Tools\EB_Bootloader\Workspace\checksums\bin\sha1sum.exe: plugins\ComM_TS_TxDxM5I19R0\include\ComM_Nm.h: No such file or directory
plugins\ComM_TS_TxDxM5I19R0\include\ComM_Nm.h: FAILED open or read
S:\Tools\EB_Bootloader\Workspace\checksums\bin\sha1sum.exe: plugins\ComM_TS_TxDxM5I19R0\include\ComM_Trace.h: No such file or directory
plugins\ComM_TS_TxDxM5I19R0\include\ComM_Trace.h: FAILED open or read
S:\Tools\EB_Bootloader\Workspace\checksums\bin\sha1sum.exe: plugins\ComM_TS_TxDxM5I19R0\include\ComM_Trace_Internal.h: No such file or directory
plugins\ComM_TS_TxDxM5I19R0\include\ComM_Trace_Internal.h: FAILED open or read
S:\Tools\EB_Bootloader\Workspace\checksums\bin\sha1sum.exe: plugins\ComM_TS_TxDxM5I19R0\include\ComM_Types.h: No such file or directory
plugins\ComM_TS_TxDxM5I19R0\include\ComM_Types.h: FAILED open or read
S:\Tools\EB_Bootloader\Workspace\checksums\bin\sha1sum.exe: plugins\ComM_TS_TxDxM5I19R0\include\ComM_Version.h: No such file or directory
plugins\ComM_TS_TxDxM5I19R0\include\ComM_Version.h: FAILED open or read
S:\Tools\EB_Bootloader\Workspace\checksums\bin\sha1sum.exe: plugins\ComM_TS_TxDxM5I19R0\make\ComM_defs.mak: No such file or directory
plugins\ComM_TS_TxDxM5I19R0\make\ComM_defs.mak: FAILED open or read
S:\Tools\EB_Bootloader\Workspace\checksums\bin\sha1sum.exe: plugins\ComM_TS_TxDxM5I19R0\make\ComM_rules.mak: No such file or directory
plugins\ComM_TS_TxDxM5I19R0\make\ComM_rules.mak: FAILED open or read
S:\Tools\EB_Bootloader\Workspace\checksums\bin\sha1sum.exe: plugins\ComM_TS_TxDxM5I19R0\plugin.xml: No such file or directory
plugins\ComM_TS_TxDxM5I19R0\plugin.xml: FAILED open or read
S:\Tools\EB_Bootloader\Workspace\checksums\bin\sha1sum.exe: plugins\ComM_TS_TxDxM5I19R0\resources\ComM_NvM_Blocks.xml: No such file or directory
plugins\ComM_TS_TxDxM5I19R0\resources\ComM_NvM_Blocks.xml: FAILED open or read
S:\Tools\EB_Bootloader\Workspace\checksums\bin\sha1sum.exe: plugins\ComM_TS_TxDxM5I19R0\resources\ComM_SchM_MainFunctions.xml: No such file or directory
plugins\ComM_TS_TxDxM5I19R0\resources\ComM_SchM_MainFunctions.xml: FAILED open or read
S:\Tools\EB_Bootloader\Workspace\checksums\bin\sha1sum.exe: plugins\ComM_TS_TxDxM5I19R0\resources\generator.xml: No such file or directory
plugins\ComM_TS_TxDxM5I19R0\resources\generator.xml: FAILED open or read
S:\Tools\EB_Bootloader\Workspace\checksums\bin\sha1sum.exe: plugins\ComM_TS_TxDxM5I19R0\src\ComM.c: No such file or directory
plugins\ComM_TS_TxDxM5I19R0\src\ComM.c: FAILED open or read
S:\Tools\EB_Bootloader\Workspace\checksums\bin\sha1sum.exe: plugins\ComM_TS_TxDxM5I19R0\src\ComM_ASR32_Rte.c: No such file or directory
plugins\ComM_TS_TxDxM5I19R0\src\ComM_ASR32_Rte.c: FAILED open or read
S:\Tools\EB_Bootloader\Workspace\checksums\bin\sha1sum.exe: plugins\ComM_TS_TxDxM5I19R0\src\ComM_ASR40_Rte.c: No such file or directory
plugins\ComM_TS_TxDxM5I19R0\src\ComM_ASR40_Rte.c: FAILED open or read
S:\Tools\EB_Bootloader\Workspace\checksums\bin\sha1sum.exe: plugins\ComM_TS_TxDxM5I19R0\src\ComM_Hsm.c: No such file or directory
plugins\ComM_TS_TxDxM5I19R0\src\ComM_Hsm.c: FAILED open or read
S:\Tools\EB_Bootloader\Workspace\checksums\bin\sha1sum.exe: plugins\ComM_TS_TxDxM5I19R0\src\ComM_HsmComMData.c: No such file or directory
plugins\ComM_TS_TxDxM5I19R0\src\ComM_HsmComMData.c: FAILED open or read
S:\Tools\EB_Bootloader\Workspace\checksums\bin\sha1sum.exe: plugins\ComM_TS_TxDxM5I19R0\src\ComM_HsmComMFnct.c: No such file or directory
plugins\ComM_TS_TxDxM5I19R0\src\ComM_HsmComMFnct.c: FAILED open or read
S:\Tools\EB_Bootloader\Workspace\checksums\bin\sha1sum.exe: plugins\ComM_TS_TxDxM5I19R0\src\ComM_HsmComMPncData.c: No such file or directory
plugins\ComM_TS_TxDxM5I19R0\src\ComM_HsmComMPncData.c: FAILED open or read
S:\Tools\EB_Bootloader\Workspace\checksums\bin\sha1sum.exe: plugins\ComM_TS_TxDxM5I19R0\src\ComM_HsmComMPncFnct.c: No such file or directory
plugins\ComM_TS_TxDxM5I19R0\src\ComM_HsmComMPncFnct.c: FAILED open or read
S:\Tools\EB_Bootloader\Workspace\checksums\bin\sha1sum.exe: plugins\ComM_TS_TxDxM5I19R0\src\ComM_Rte.c: No such file or directory
plugins\ComM_TS_TxDxM5I19R0\src\ComM_Rte.c: FAILED open or read
S:\Tools\EB_Bootloader\Workspace\checksums\bin\sha1sum.exe: WARNING: 62 of 62 listed files could not be read
