doc\Cpl_ModuleReleaseNotes.pdf: OK
doc\Cpl_User_Manual.pdf: OK
plugins\Cpl_TS_TxDxM1I3R0\META-INF\MANIFEST.MF: FAILED
plugins\Cpl_TS_TxDxM1I3R0\anchors.xml: FAILED
plugins\Cpl_TS_TxDxM1I3R0\autosar\Cpl.bmd: OK
plugins\Cpl_TS_TxDxM1I3R0\config\Cpl.xdm: OK
plugins\Cpl_TS_TxDxM1I3R0\doc\Cpl_ModuleReleaseNotes.pdf: OK
plugins\Cpl_TS_TxDxM1I3R0\doc\Cpl_User_Manual.pdf: OK
plugins\Cpl_TS_TxDxM1I3R0\generate\include\Cpl_ARLEDecompress_Cfg.h: FAILED
plugins\Cpl_TS_TxDxM1I3R0\generate\include\Cpl_LZMADecompress_Cfg.h: FAILED
plugins\Cpl_TS_TxDxM1I3R0\generate\include\Cpl_LZSSCompress_Cfg.h: FAILED
plugins\Cpl_TS_TxDxM1I3R0\generate\include\Cpl_LZSSDecompress_Cfg.h: FAILED
plugins\Cpl_TS_TxDxM1I3R0\generate\include\Cpl_RLECompress_Cfg.h: FAILED
plugins\Cpl_TS_TxDxM1I3R0\generate\include\Cpl_RLEDecompress_Cfg.h: FAILED
plugins\Cpl_TS_TxDxM1I3R0\generate\src\Cpl_ARLEDecompress_Cfg.c: FAILED
plugins\Cpl_TS_TxDxM1I3R0\generate\src\Cpl_LZMADecompress_Cfg.c: FAILED
plugins\Cpl_TS_TxDxM1I3R0\generate\src\Cpl_LZSSCompress_Cfg.c: FAILED
plugins\Cpl_TS_TxDxM1I3R0\generate\src\Cpl_LZSSDecompress_Cfg.c: FAILED
plugins\Cpl_TS_TxDxM1I3R0\generate\src\Cpl_RLECompress_Cfg.c: FAILED
plugins\Cpl_TS_TxDxM1I3R0\generate\src\Cpl_RLEDecompress_Cfg.c: FAILED
plugins\Cpl_TS_TxDxM1I3R0\generate_swcd\swcd\Cpl_Bswmd.arxml: FAILED
plugins\Cpl_TS_TxDxM1I3R0\include\Cpl_ARLECommon.h: FAILED
plugins\Cpl_TS_TxDxM1I3R0\include\Cpl_ARLEDecompress.h: FAILED
plugins\Cpl_TS_TxDxM1I3R0\include\Cpl_Common.h: FAILED
plugins\Cpl_TS_TxDxM1I3R0\include\Cpl_LZMADecompress.h: FAILED
plugins\Cpl_TS_TxDxM1I3R0\include\Cpl_LZSSCompress.h: FAILED
plugins\Cpl_TS_TxDxM1I3R0\include\Cpl_LZSSDecompress.h: FAILED
plugins\Cpl_TS_TxDxM1I3R0\include\Cpl_RLECompress.h: FAILED
plugins\Cpl_TS_TxDxM1I3R0\include\Cpl_RLEDecompress.h: FAILED
plugins\Cpl_TS_TxDxM1I3R0\include\Cpl_Version.h: FAILED
plugins\Cpl_TS_TxDxM1I3R0\make\Cpl_defs.mak: FAILED
plugins\Cpl_TS_TxDxM1I3R0\make\Cpl_rules.mak: FAILED
plugins\Cpl_TS_TxDxM1I3R0\plugin.xml: FAILED
plugins\Cpl_TS_TxDxM1I3R0\src\Cpl_ARLEDecompress.c: FAILED
plugins\Cpl_TS_TxDxM1I3R0\src\Cpl_Common.c: FAILED
plugins\Cpl_TS_TxDxM1I3R0\src\Cpl_LZMADecompress.c: FAILED
plugins\Cpl_TS_TxDxM1I3R0\src\Cpl_LZSSCompress.c: FAILED
plugins\Cpl_TS_TxDxM1I3R0\src\Cpl_LZSSDecompress.c: FAILED
plugins\Cpl_TS_TxDxM1I3R0\src\Cpl_RLECompress.c: FAILED
plugins\Cpl_TS_TxDxM1I3R0\src\Cpl_RLEDecompress.c: FAILED
S:\Tools\EB_Bootloader\Workspace\checksums\bin\sha1sum.exe: WARNING: 34 of 40 computed checksums did NOT match
