plugins\Cry_TS_TxDxM2I6R0\META-INF\MANIFEST.MF: FAILED
plugins\Cry_TS_TxDxM2I6R0\anchors.xml: FAILED
plugins\Cry_TS_TxDxM2I6R0\autosar\Cry.bmd: OK
plugins\Cry_TS_TxDxM2I6R0\config\Cry.xdm: OK
plugins\Cry_TS_TxDxM2I6R0\generate\include\Cry_AES_CommonConfig.h: OK
plugins\Cry_TS_TxDxM2I6R0\generate\include\Cry_AES_DecryptConfig.h: OK
plugins\Cry_TS_TxDxM2I6R0\generate\include\Cry_AES_EncryptConfig.h: OK
plugins\Cry_TS_TxDxM2I6R0\generate\include\Cry_CCM_CommonConfig.h: OK
plugins\Cry_TS_TxDxM2I6R0\generate\include\Cry_CMACGenConfig.h: OK
plugins\Cry_TS_TxDxM2I6R0\generate\include\Cry_CMACVrfyConfig.h: OK
plugins\Cry_TS_TxDxM2I6R0\generate\include\Cry_CRC_Config.h: OK
plugins\Cry_TS_TxDxM2I6R0\generate\include\Cry_CVCPublicKeyExtractConfig.h: OK
plugins\Cry_TS_TxDxM2I6R0\generate\include\Cry_CbcPkcs7DecryptConfig.h: OK
plugins\Cry_TS_TxDxM2I6R0\generate\include\Cry_CbcPkcs7EncryptConfig.h: OK
plugins\Cry_TS_TxDxM2I6R0\generate\include\Cry_CcmDecryptConfig.h: OK
plugins\Cry_TS_TxDxM2I6R0\generate\include\Cry_CcmEncryptConfig.h: OK
plugins\Cry_TS_TxDxM2I6R0\generate\include\Cry_CommonConfig.h: OK
plugins\Cry_TS_TxDxM2I6R0\generate\include\Cry_EdDSAConfig.h: OK
plugins\Cry_TS_TxDxM2I6R0\generate\include\Cry_EdDSAGenConfig.h: OK
plugins\Cry_TS_TxDxM2I6R0\generate\include\Cry_EdDSAVrfyConfig.h: OK
plugins\Cry_TS_TxDxM2I6R0\generate\include\Cry_ExtractECPubKeyConfig.h: OK
plugins\Cry_TS_TxDxM2I6R0\generate\include\Cry_ExtractRsaPublicKeyConfig.h: OK
plugins\Cry_TS_TxDxM2I6R0\generate\include\Cry_HMACConfig.h: OK
plugins\Cry_TS_TxDxM2I6R0\generate\include\Cry_HMACGenConfig.h: OK
plugins\Cry_TS_TxDxM2I6R0\generate\include\Cry_HMACVrfyConfig.h: OK
plugins\Cry_TS_TxDxM2I6R0\generate\include\Cry_KEY_SYM_ExtractConfig.h: OK
plugins\Cry_TS_TxDxM2I6R0\generate\include\Cry_MD5Config.h: OK
plugins\Cry_TS_TxDxM2I6R0\generate\include\Cry_RsaSsaPssVerifyCbk.h: OK
plugins\Cry_TS_TxDxM2I6R0\generate\include\Cry_RsaSsaPssVerifyConfig.h: OK
plugins\Cry_TS_TxDxM2I6R0\generate\include\Cry_RsaSsaV15GenConfig.h: OK
plugins\Cry_TS_TxDxM2I6R0\generate\include\Cry_RsaSsaV15VerifyCbk.h: OK
plugins\Cry_TS_TxDxM2I6R0\generate\include\Cry_RsaSsaV15VerifyConfig.h: OK
plugins\Cry_TS_TxDxM2I6R0\generate\include\Cry_SHA1Config.h: OK
plugins\Cry_TS_TxDxM2I6R0\generate\include\Cry_SHA2Config.h: OK
plugins\Cry_TS_TxDxM2I6R0\generate\include\Cry_SHA3Config.h: OK
plugins\Cry_TS_TxDxM2I6R0\generate\include\Cry_SHA_CommonConfig.h: OK
plugins\Cry_TS_TxDxM2I6R0\generate\include\Cry_SSGGenerateConfig.h: OK
plugins\Cry_TS_TxDxM2I6R0\generate\include\Cry_SSGSeedConfig.h: OK
plugins\Cry_TS_TxDxM2I6R0\generate\include\Cry_SSGStateConfig.h: OK
plugins\Cry_TS_TxDxM2I6R0\generate\include\Cry_common.m: OK
plugins\Cry_TS_TxDxM2I6R0\generate\src\Cry_AES_DecryptConfig.c: OK
plugins\Cry_TS_TxDxM2I6R0\generate\src\Cry_AES_EncryptConfig.c: OK
plugins\Cry_TS_TxDxM2I6R0\generate\src\Cry_CMACGenConfig.c: OK
plugins\Cry_TS_TxDxM2I6R0\generate\src\Cry_CMACVrfyConfig.c: OK
plugins\Cry_TS_TxDxM2I6R0\generate\src\Cry_CRC_Config.c: OK
plugins\Cry_TS_TxDxM2I6R0\generate\src\Cry_CVCPublicKeyExtractConfig.c: OK
plugins\Cry_TS_TxDxM2I6R0\generate\src\Cry_CbcPkcs7DecryptConfig.c: OK
plugins\Cry_TS_TxDxM2I6R0\generate\src\Cry_CbcPkcs7EncryptConfig.c: OK
plugins\Cry_TS_TxDxM2I6R0\generate\src\Cry_CcmDecryptConfig.c: OK
plugins\Cry_TS_TxDxM2I6R0\generate\src\Cry_CcmEncryptConfig.c: OK
plugins\Cry_TS_TxDxM2I6R0\generate\src\Cry_EdDSAGenConfig.c: OK
plugins\Cry_TS_TxDxM2I6R0\generate\src\Cry_EdDSAVrfyConfig.c: OK
plugins\Cry_TS_TxDxM2I6R0\generate\src\Cry_ExtractECPubKeyConfig.c: OK
plugins\Cry_TS_TxDxM2I6R0\generate\src\Cry_ExtractRsaPublicKeyConfig.c: OK
plugins\Cry_TS_TxDxM2I6R0\generate\src\Cry_HMACGenConfig.c: OK
plugins\Cry_TS_TxDxM2I6R0\generate\src\Cry_HMACVrfyConfig.c: OK
plugins\Cry_TS_TxDxM2I6R0\generate\src\Cry_KEY_SYM_ExtractConfig.c: OK
plugins\Cry_TS_TxDxM2I6R0\generate\src\Cry_MD5Config.c: OK
plugins\Cry_TS_TxDxM2I6R0\generate\src\Cry_RsaSsaPssVerifyConfig.c: OK
plugins\Cry_TS_TxDxM2I6R0\generate\src\Cry_RsaSsaV15GenConfig.c: OK
plugins\Cry_TS_TxDxM2I6R0\generate\src\Cry_RsaSsaV15VerifyConfig.c: OK
plugins\Cry_TS_TxDxM2I6R0\generate\src\Cry_SHA1Config.c: OK
plugins\Cry_TS_TxDxM2I6R0\generate\src\Cry_SHA2Config.c: OK
plugins\Cry_TS_TxDxM2I6R0\generate\src\Cry_SHA3Config.c: OK
plugins\Cry_TS_TxDxM2I6R0\generate\src\Cry_SSGGenerateConfig.c: OK
plugins\Cry_TS_TxDxM2I6R0\generate\src\Cry_SSGSeedConfig.c: OK
plugins\Cry_TS_TxDxM2I6R0\generate\src\Cry_SSGStateConfig.c: OK
plugins\Cry_TS_TxDxM2I6R0\generate_swcd\swcd\Cry_Bswmd.arxml: FAILED
plugins\Cry_TS_TxDxM2I6R0\include\Cry_AES_Common.h: FAILED
plugins\Cry_TS_TxDxM2I6R0\include\Cry_AES_Decrypt.h: FAILED
plugins\Cry_TS_TxDxM2I6R0\include\Cry_AES_Encrypt.h: FAILED
plugins\Cry_TS_TxDxM2I6R0\include\Cry_Base64.h: FAILED
plugins\Cry_TS_TxDxM2I6R0\include\Cry_CCM_Common.h: FAILED
plugins\Cry_TS_TxDxM2I6R0\include\Cry_CMAC.h: FAILED
plugins\Cry_TS_TxDxM2I6R0\include\Cry_CMACGen.h: FAILED
plugins\Cry_TS_TxDxM2I6R0\include\Cry_CMACVrfy.h: FAILED
plugins\Cry_TS_TxDxM2I6R0\include\Cry_CRC.h: FAILED
plugins\Cry_TS_TxDxM2I6R0\include\Cry_CVCPublicKeyExtract.h: FAILED
plugins\Cry_TS_TxDxM2I6R0\include\Cry_CbcPkcs7Decrypt.h: FAILED
plugins\Cry_TS_TxDxM2I6R0\include\Cry_CbcPkcs7Encrypt.h: FAILED
plugins\Cry_TS_TxDxM2I6R0\include\Cry_CcmDecrypt.h: FAILED
plugins\Cry_TS_TxDxM2I6R0\include\Cry_CcmEncrypt.h: FAILED
plugins\Cry_TS_TxDxM2I6R0\include\Cry_Common.h: FAILED
plugins\Cry_TS_TxDxM2I6R0\include\Cry_Der.h: FAILED
plugins\Cry_TS_TxDxM2I6R0\include\Cry_DerCVC.h: FAILED
plugins\Cry_TS_TxDxM2I6R0\include\Cry_EdDSA.h: FAILED
plugins\Cry_TS_TxDxM2I6R0\include\Cry_EdDSAGen.h: FAILED
plugins\Cry_TS_TxDxM2I6R0\include\Cry_EdDSAVrfy.h: FAILED
plugins\Cry_TS_TxDxM2I6R0\include\Cry_ExtractECPubKey.h: FAILED
plugins\Cry_TS_TxDxM2I6R0\include\Cry_ExtractRsaPublicKey.h: FAILED
plugins\Cry_TS_TxDxM2I6R0\include\Cry_HMAC.h: FAILED
plugins\Cry_TS_TxDxM2I6R0\include\Cry_HMACGen.h: FAILED
plugins\Cry_TS_TxDxM2I6R0\include\Cry_HMACVrfy.h: FAILED
plugins\Cry_TS_TxDxM2I6R0\include\Cry_KEY_SYM_Extract.h: FAILED
plugins\Cry_TS_TxDxM2I6R0\include\Cry_LN.h: FAILED
plugins\Cry_TS_TxDxM2I6R0\include\Cry_MD5.h: FAILED
plugins\Cry_TS_TxDxM2I6R0\include\Cry_RsaSsaPssVerify.h: FAILED
plugins\Cry_TS_TxDxM2I6R0\include\Cry_RsaSsaV15Gen.h: FAILED
plugins\Cry_TS_TxDxM2I6R0\include\Cry_RsaSsaV15Verify.h: FAILED
plugins\Cry_TS_TxDxM2I6R0\include\Cry_SHA1.h: FAILED
plugins\Cry_TS_TxDxM2I6R0\include\Cry_SHA2.h: FAILED
plugins\Cry_TS_TxDxM2I6R0\include\Cry_SHA3.h: FAILED
plugins\Cry_TS_TxDxM2I6R0\include\Cry_SHA3_Internal.h: FAILED
plugins\Cry_TS_TxDxM2I6R0\include\Cry_SHA_Common.h: FAILED
plugins\Cry_TS_TxDxM2I6R0\include\Cry_SSGGenerate.h: FAILED
plugins\Cry_TS_TxDxM2I6R0\include\Cry_SSGSeed.h: FAILED
plugins\Cry_TS_TxDxM2I6R0\make\Cry_defs.mak: OK
plugins\Cry_TS_TxDxM2I6R0\make\Cry_rules.mak: OK
plugins\Cry_TS_TxDxM2I6R0\plugin.xml: FAILED
plugins\Cry_TS_TxDxM2I6R0\src\Cry_AES_Common.c: OK
plugins\Cry_TS_TxDxM2I6R0\src\Cry_AES_Decrypt.c: OK
plugins\Cry_TS_TxDxM2I6R0\src\Cry_AES_Encrypt.c: OK
plugins\Cry_TS_TxDxM2I6R0\src\Cry_Base64.c: OK
plugins\Cry_TS_TxDxM2I6R0\src\Cry_CCMDecrypt.c: OK
plugins\Cry_TS_TxDxM2I6R0\src\Cry_CCMEncrypt.c: OK
plugins\Cry_TS_TxDxM2I6R0\src\Cry_CCM_Common.c: OK
plugins\Cry_TS_TxDxM2I6R0\src\Cry_CMAC.c: OK
plugins\Cry_TS_TxDxM2I6R0\src\Cry_CMACGen.c: OK
plugins\Cry_TS_TxDxM2I6R0\src\Cry_CMACVrfy.c: OK
plugins\Cry_TS_TxDxM2I6R0\src\Cry_CRC.c: OK
plugins\Cry_TS_TxDxM2I6R0\src\Cry_CVCPublicKeyExtract.c: OK
plugins\Cry_TS_TxDxM2I6R0\src\Cry_CbcPkcs7Decrypt.c: OK
plugins\Cry_TS_TxDxM2I6R0\src\Cry_CbcPkcs7Encrypt.c: OK
plugins\Cry_TS_TxDxM2I6R0\src\Cry_Common.c: OK
plugins\Cry_TS_TxDxM2I6R0\src\Cry_Der.c: OK
plugins\Cry_TS_TxDxM2I6R0\src\Cry_DerCVC.c: OK
plugins\Cry_TS_TxDxM2I6R0\src\Cry_EdDSA.c: OK
plugins\Cry_TS_TxDxM2I6R0\src\Cry_EdDSAGen.c: OK
plugins\Cry_TS_TxDxM2I6R0\src\Cry_EdDSAVrfy.c: OK
plugins\Cry_TS_TxDxM2I6R0\src\Cry_ExtractECPubKey.c: OK
plugins\Cry_TS_TxDxM2I6R0\src\Cry_ExtractRsaPublicKey.c: OK
plugins\Cry_TS_TxDxM2I6R0\src\Cry_HMACGen.c: OK
plugins\Cry_TS_TxDxM2I6R0\src\Cry_HMACVrfy.c: OK
plugins\Cry_TS_TxDxM2I6R0\src\Cry_KEY_SYM_Extract.c: OK
plugins\Cry_TS_TxDxM2I6R0\src\Cry_LN.c: OK
plugins\Cry_TS_TxDxM2I6R0\src\Cry_MD5.c: OK
plugins\Cry_TS_TxDxM2I6R0\src\Cry_RsaSsaPssVerify.c: OK
plugins\Cry_TS_TxDxM2I6R0\src\Cry_RsaSsaV15Gen.c: OK
plugins\Cry_TS_TxDxM2I6R0\src\Cry_RsaSsaV15Verify.c: OK
plugins\Cry_TS_TxDxM2I6R0\src\Cry_SHA1.c: OK
plugins\Cry_TS_TxDxM2I6R0\src\Cry_SHA2.c: OK
plugins\Cry_TS_TxDxM2I6R0\src\Cry_SHA3.c: OK
plugins\Cry_TS_TxDxM2I6R0\src\Cry_SHA3_Impl.c: OK
plugins\Cry_TS_TxDxM2I6R0\src\Cry_SHA_Common.c: OK
plugins\Cry_TS_TxDxM2I6R0\src\Cry_SSGGenerate.c: OK
plugins\Cry_TS_TxDxM2I6R0\src\Cry_SSGSeed.c: OK
S:\Tools\EB_Bootloader\Workspace\checksums\bin\sha1sum.exe: WARNING: 42 of 146 computed checksums did NOT match
