S:\Tools\EB_Bootloader\Workspace\checksums\bin\sha1sum.exe: plugins\Fee_TS_TxDxM6I14R0\META-INF\MANIFEST.MF: No such file or directory
plugins\Fee_TS_TxDxM6I14R0\META-INF\MANIFEST.MF: FAILED open or read
S:\Tools\EB_Bootloader\Workspace\checksums\bin\sha1sum.exe: plugins\Fee_TS_TxDxM6I14R0\anchors.xml: No such file or directory
plugins\Fee_TS_TxDxM6I14R0\anchors.xml: FAILED open or read
S:\Tools\EB_Bootloader\Workspace\checksums\bin\sha1sum.exe: plugins\Fee_TS_TxDxM6I14R0\autosar\Fee.bmd: No such file or directory
plugins\Fee_TS_TxDxM6I14R0\autosar\Fee.bmd: FAILED open or read
S:\Tools\EB_Bootloader\Workspace\checksums\bin\sha1sum.exe: plugins\Fee_TS_TxDxM6I14R0\config\Fee.xdm: No such file or directory
plugins\Fee_TS_TxDxM6I14R0\config\Fee.xdm: FAILED open or read
S:\Tools\EB_Bootloader\Workspace\checksums\bin\sha1sum.exe: plugins\Fee_TS_TxDxM6I14R0\config_ext\FeeRecConfiguration.xdm: No such file or directory
plugins\Fee_TS_TxDxM6I14R0\config_ext\FeeRecConfiguration.xdm: FAILED open or read
S:\Tools\EB_Bootloader\Workspace\checksums\bin\sha1sum.exe: plugins\Fee_TS_TxDxM6I14R0\generate\include\Fee_Cfg.h: No such file or directory
plugins\Fee_TS_TxDxM6I14R0\generate\include\Fee_Cfg.h: FAILED open or read
S:\Tools\EB_Bootloader\Workspace\checksums\bin\sha1sum.exe: plugins\Fee_TS_TxDxM6I14R0\generate\include\Fee_Checks.m: No such file or directory
plugins\Fee_TS_TxDxM6I14R0\generate\include\Fee_Checks.m: FAILED open or read
S:\Tools\EB_Bootloader\Workspace\checksums\bin\sha1sum.exe: plugins\Fee_TS_TxDxM6I14R0\generate\src\Fee_Cfg.c: No such file or directory
plugins\Fee_TS_TxDxM6I14R0\generate\src\Fee_Cfg.c: FAILED open or read
S:\Tools\EB_Bootloader\Workspace\checksums\bin\sha1sum.exe: plugins\Fee_TS_TxDxM6I14R0\generate_swcd\swcd\Fee_Bswmd.arxml: No such file or directory
plugins\Fee_TS_TxDxM6I14R0\generate_swcd\swcd\Fee_Bswmd.arxml: FAILED open or read
S:\Tools\EB_Bootloader\Workspace\checksums\bin\sha1sum.exe: plugins\Fee_TS_TxDxM6I14R0\include\Fee.h: No such file or directory
plugins\Fee_TS_TxDxM6I14R0\include\Fee.h: FAILED open or read
S:\Tools\EB_Bootloader\Workspace\checksums\bin\sha1sum.exe: plugins\Fee_TS_TxDxM6I14R0\include\Fee_Cbk.h: No such file or directory
plugins\Fee_TS_TxDxM6I14R0\include\Fee_Cbk.h: FAILED open or read
S:\Tools\EB_Bootloader\Workspace\checksums\bin\sha1sum.exe: plugins\Fee_TS_TxDxM6I14R0\include\Fee_Extra.h: No such file or directory
plugins\Fee_TS_TxDxM6I14R0\include\Fee_Extra.h: FAILED open or read
S:\Tools\EB_Bootloader\Workspace\checksums\bin\sha1sum.exe: plugins\Fee_TS_TxDxM6I14R0\include\Fee_Initialization.h: No such file or directory
plugins\Fee_TS_TxDxM6I14R0\include\Fee_Initialization.h: FAILED open or read
S:\Tools\EB_Bootloader\Workspace\checksums\bin\sha1sum.exe: plugins\Fee_TS_TxDxM6I14R0\include\Fee_Internal.h: No such file or directory
plugins\Fee_TS_TxDxM6I14R0\include\Fee_Internal.h: FAILED open or read
S:\Tools\EB_Bootloader\Workspace\checksums\bin\sha1sum.exe: plugins\Fee_TS_TxDxM6I14R0\include\Fee_Internal_Types.h: No such file or directory
plugins\Fee_TS_TxDxM6I14R0\include\Fee_Internal_Types.h: FAILED open or read
S:\Tools\EB_Bootloader\Workspace\checksums\bin\sha1sum.exe: plugins\Fee_TS_TxDxM6I14R0\include\Fee_Jobs.h: No such file or directory
plugins\Fee_TS_TxDxM6I14R0\include\Fee_Jobs.h: FAILED open or read
S:\Tools\EB_Bootloader\Workspace\checksums\bin\sha1sum.exe: plugins\Fee_TS_TxDxM6I14R0\include\Fee_Sections.h: No such file or directory
plugins\Fee_TS_TxDxM6I14R0\include\Fee_Sections.h: FAILED open or read
S:\Tools\EB_Bootloader\Workspace\checksums\bin\sha1sum.exe: plugins\Fee_TS_TxDxM6I14R0\include\Fee_SectionsSwitch.h: No such file or directory
plugins\Fee_TS_TxDxM6I14R0\include\Fee_SectionsSwitch.h: FAILED open or read
S:\Tools\EB_Bootloader\Workspace\checksums\bin\sha1sum.exe: plugins\Fee_TS_TxDxM6I14R0\include\Fee_Trace.h: No such file or directory
plugins\Fee_TS_TxDxM6I14R0\include\Fee_Trace.h: FAILED open or read
S:\Tools\EB_Bootloader\Workspace\checksums\bin\sha1sum.exe: plugins\Fee_TS_TxDxM6I14R0\include\Fee_Version.h: No such file or directory
plugins\Fee_TS_TxDxM6I14R0\include\Fee_Version.h: FAILED open or read
S:\Tools\EB_Bootloader\Workspace\checksums\bin\sha1sum.exe: plugins\Fee_TS_TxDxM6I14R0\integration_requirements\Fee_integration_req.reqm: No such file or directory
plugins\Fee_TS_TxDxM6I14R0\integration_requirements\Fee_integration_req.reqm: FAILED open or read
S:\Tools\EB_Bootloader\Workspace\checksums\bin\sha1sum.exe: plugins\Fee_TS_TxDxM6I14R0\make\Fee_defs.mak: No such file or directory
plugins\Fee_TS_TxDxM6I14R0\make\Fee_defs.mak: FAILED open or read
S:\Tools\EB_Bootloader\Workspace\checksums\bin\sha1sum.exe: plugins\Fee_TS_TxDxM6I14R0\make\Fee_rules.mak: No such file or directory
plugins\Fee_TS_TxDxM6I14R0\make\Fee_rules.mak: FAILED open or read
S:\Tools\EB_Bootloader\Workspace\checksums\bin\sha1sum.exe: plugins\Fee_TS_TxDxM6I14R0\plugin.xml: No such file or directory
plugins\Fee_TS_TxDxM6I14R0\plugin.xml: FAILED open or read
S:\Tools\EB_Bootloader\Workspace\checksums\bin\sha1sum.exe: plugins\Fee_TS_TxDxM6I14R0\resources\Fee_SchM_MainFunctions.xml: No such file or directory
plugins\Fee_TS_TxDxM6I14R0\resources\Fee_SchM_MainFunctions.xml: FAILED open or read
S:\Tools\EB_Bootloader\Workspace\checksums\bin\sha1sum.exe: plugins\Fee_TS_TxDxM6I14R0\src\Fee.c: No such file or directory
plugins\Fee_TS_TxDxM6I14R0\src\Fee.c: FAILED open or read
S:\Tools\EB_Bootloader\Workspace\checksums\bin\sha1sum.exe: plugins\Fee_TS_TxDxM6I14R0\src\Fee_Extra.c: No such file or directory
plugins\Fee_TS_TxDxM6I14R0\src\Fee_Extra.c: FAILED open or read
S:\Tools\EB_Bootloader\Workspace\checksums\bin\sha1sum.exe: plugins\Fee_TS_TxDxM6I14R0\src\Fee_Initialization.c: No such file or directory
plugins\Fee_TS_TxDxM6I14R0\src\Fee_Initialization.c: FAILED open or read
S:\Tools\EB_Bootloader\Workspace\checksums\bin\sha1sum.exe: plugins\Fee_TS_TxDxM6I14R0\src\Fee_Internal.c: No such file or directory
plugins\Fee_TS_TxDxM6I14R0\src\Fee_Internal.c: FAILED open or read
S:\Tools\EB_Bootloader\Workspace\checksums\bin\sha1sum.exe: plugins\Fee_TS_TxDxM6I14R0\src\Fee_Jobs.c: No such file or directory
plugins\Fee_TS_TxDxM6I14R0\src\Fee_Jobs.c: FAILED open or read
S:\Tools\EB_Bootloader\Workspace\checksums\bin\sha1sum.exe: plugins\Fee_TS_TxDxM6I14R0\src\Fee_Sections.c: No such file or directory
plugins\Fee_TS_TxDxM6I14R0\src\Fee_Sections.c: FAILED open or read
S:\Tools\EB_Bootloader\Workspace\checksums\bin\sha1sum.exe: plugins\Fee_TS_TxDxM6I14R0\src\Fee_SectionsSwitch.c: No such file or directory
plugins\Fee_TS_TxDxM6I14R0\src\Fee_SectionsSwitch.c: FAILED open or read
S:\Tools\EB_Bootloader\Workspace\checksums\bin\sha1sum.exe: WARNING: 32 of 32 listed files could not be read
