plugins\Fee_TS_T40D2M10I2R0\META-INF\MANIFEST.MF: FAILED
plugins\Fee_TS_T40D2M10I2R0\META-INF\MANIFEST.MF.EB_update: FAILED
plugins\Fee_TS_T40D2M10I2R0\META-INF\MANIFEST.MF.origin_version: FAILED
plugins\Fee_TS_T40D2M10I2R0\anchors.xml: FAILED
plugins\Fee_TS_T40D2M10I2R0\anchors.xml.EB_update: FAILED
plugins\Fee_TS_T40D2M10I2R0\anchors.xml.origin_version: OK
plugins\Fee_TS_T40D2M10I2R0\ant_generator.xml: OK
plugins\Fee_TS_T40D2M10I2R0\autosar\Fee.epd: OK
plugins\Fee_TS_T40D2M10I2R0\config\Fee.xdm: FAILED
plugins\Fee_TS_T40D2M10I2R0\doc\AUTOSAR_MCAL_FEE_IM.pdf: OK
plugins\Fee_TS_T40D2M10I2R0\doc\AUTOSAR_MCAL_FEE_UM.pdf: OK
plugins\Fee_TS_T40D2M10I2R0\generate_PC\Fee_VersionCheck.m: OK
plugins\Fee_TS_T40D2M10I2R0\generate_PC\include\Fee_Cfg.h: FAILED
plugins\Fee_TS_T40D2M10I2R0\generate_PC\src\Fee_Cfg.c: FAILED
plugins\Fee_TS_T40D2M10I2R0\generate_swcd\swcd\Fee_Bswmd.arxml: FAILED
plugins\Fee_TS_T40D2M10I2R0\generate_swcd\swcd\Fee_Bswmd.arxml.EB_update: FAILED
plugins\Fee_TS_T40D2M10I2R0\generate_swcd\swcd\fee_Bswmd.arxml.origin_version: FAILED
plugins\Fee_TS_T40D2M10I2R0\include\Fee.h: FAILED
plugins\Fee_TS_T40D2M10I2R0\include\Fee_Cbk.h: FAILED
plugins\Fee_TS_T40D2M10I2R0\include\Fee_InternalTypes.h: FAILED
plugins\Fee_TS_T40D2M10I2R0\include\Fee_Types.h: FAILED
plugins\Fee_TS_T40D2M10I2R0\make\Fee_defs.mak: FAILED
plugins\Fee_TS_T40D2M10I2R0\make\Fee_rules.mak: FAILED
plugins\Fee_TS_T40D2M10I2R0\perform_MCAL_change.bat: OK
plugins\Fee_TS_T40D2M10I2R0\plugin.xml: FAILED
plugins\Fee_TS_T40D2M10I2R0\plugin.xml.EB_update: FAILED
plugins\Fee_TS_T40D2M10I2R0\plugin.xml.origin_version: OK
plugins\Fee_TS_T40D2M10I2R0\resources\Fee_Dem_Events.xml: FAILED
plugins\Fee_TS_T40D2M10I2R0\resources\Fee_Dem_Events.xml.EB_update: FAILED
plugins\Fee_TS_T40D2M10I2R0\resources\Fee_EcuM_InitFunctions.xml: FAILED
plugins\Fee_TS_T40D2M10I2R0\resources\Fee_EcuM_InitFunctions.xml.EB_update: FAILED
plugins\Fee_TS_T40D2M10I2R0\resources\Fee_SchM_MainFunctions.xml: FAILED
plugins\Fee_TS_T40D2M10I2R0\resources\Fee_SchM_MainFunctions.xml.EB_update: FAILED
plugins\Fee_TS_T40D2M10I2R0\src\Fee.c: FAILED
S:\Tools\EB_Bootloader\Workspace\checksums\bin\sha1sum.exe: WARNING: 26 of 34 computed checksums did NOT match
