plugins\Fls_TS_T40D2M10I2R0\META-INF\MANIFEST.MF: FAILED
plugins\Fls_TS_T40D2M10I2R0\META-INF\MANIFEST.MF.EB_update: FAILED
plugins\Fls_TS_T40D2M10I2R0\META-INF\MANIFEST.MF.origin_version: FAILED
plugins\Fls_TS_T40D2M10I2R0\anchors.xml: FAILED
plugins\Fls_TS_T40D2M10I2R0\anchors.xml.EB_update: FAILED
plugins\Fls_TS_T40D2M10I2R0\anchors.xml.origin_version: OK
plugins\Fls_TS_T40D2M10I2R0\ant_generator.xml: OK
plugins\Fls_TS_T40D2M10I2R0\autosar\Fls_s32k118_lqfp48.epd: OK
plugins\Fls_TS_T40D2M10I2R0\autosar\Fls_s32k118_lqfp64.epd: OK
plugins\Fls_TS_T40D2M10I2R0\autosar\Fls_s32k142_lqfp100.epd: OK
plugins\Fls_TS_T40D2M10I2R0\autosar\Fls_s32k142_lqfp48.epd: OK
plugins\Fls_TS_T40D2M10I2R0\autosar\Fls_s32k142_lqfp64.epd: OK
plugins\Fls_TS_T40D2M10I2R0\autosar\Fls_s32k144_lqfp100.epd: OK
plugins\Fls_TS_T40D2M10I2R0\autosar\Fls_s32k144_lqfp48.epd: OK
plugins\Fls_TS_T40D2M10I2R0\autosar\Fls_s32k144_lqfp64.epd: OK
plugins\Fls_TS_T40D2M10I2R0\autosar\Fls_s32k144_mapbga100.epd: OK
plugins\Fls_TS_T40D2M10I2R0\autosar\Fls_s32k146_lqfp100.epd: OK
plugins\Fls_TS_T40D2M10I2R0\autosar\Fls_s32k146_lqfp144.epd: OK
plugins\Fls_TS_T40D2M10I2R0\autosar\Fls_s32k146_lqfp64.epd: OK
plugins\Fls_TS_T40D2M10I2R0\autosar\Fls_s32k146_mapbga100.epd: OK
plugins\Fls_TS_T40D2M10I2R0\autosar\Fls_s32k148_lqfp100.epd: OK
plugins\Fls_TS_T40D2M10I2R0\autosar\Fls_s32k148_lqfp144.epd: OK
plugins\Fls_TS_T40D2M10I2R0\autosar\Fls_s32k148_lqfp176.epd: OK
plugins\Fls_TS_T40D2M10I2R0\autosar\Fls_s32k148_mapbga100.epd: OK
plugins\Fls_TS_T40D2M10I2R0\config\Fls.xdm: FAILED
plugins\Fls_TS_T40D2M10I2R0\doc\AUTOSAR_MCAL_FLS_IM.pdf: OK
plugins\Fls_TS_T40D2M10I2R0\doc\AUTOSAR_MCAL_FLS_UM.pdf: OK
plugins\Fls_TS_T40D2M10I2R0\generate_PB\Fls_VersionCheck.m: OK
plugins\Fls_TS_T40D2M10I2R0\generate_PB\src\Fls_PBcfg.c: FAILED
plugins\Fls_TS_T40D2M10I2R0\generate_PC\Fls_VersionCheck.m: OK
plugins\Fls_TS_T40D2M10I2R0\generate_PC\include\Fls_Cfg.h: FAILED
plugins\Fls_TS_T40D2M10I2R0\generate_PC\src\Fls_Cfg.c: FAILED
plugins\Fls_TS_T40D2M10I2R0\generate_swcd\swcd\Fls_Bswmd.arxml: FAILED
plugins\Fls_TS_T40D2M10I2R0\generate_swcd\swcd\Fls_Bswmd.arxml.EB_update: FAILED
plugins\Fls_TS_T40D2M10I2R0\generate_swcd\swcd\fls_Bswmd.arxml.origin_version: FAILED
plugins\Fls_TS_T40D2M10I2R0\include\Fls.h: FAILED
plugins\Fls_TS_T40D2M10I2R0\include\Fls_Api.h: FAILED
plugins\Fls_TS_T40D2M10I2R0\include\Fls_Flash.h: FAILED
plugins\Fls_TS_T40D2M10I2R0\include\Fls_Flash_Types.h: FAILED
plugins\Fls_TS_T40D2M10I2R0\include\Fls_IPW.h: FAILED
plugins\Fls_TS_T40D2M10I2R0\include\Fls_Qspi.h: FAILED
plugins\Fls_TS_T40D2M10I2R0\include\Fls_Qspi_Types.h: FAILED
plugins\Fls_TS_T40D2M10I2R0\include\Fls_Types.h: FAILED
plugins\Fls_TS_T40D2M10I2R0\include\Reg_eSys_FLASHC.h: FAILED
plugins\Fls_TS_T40D2M10I2R0\include\Reg_eSys_QSPI.h: FAILED
plugins\Fls_TS_T40D2M10I2R0\make\Fls_defs.mak: FAILED
plugins\Fls_TS_T40D2M10I2R0\make\Fls_rules.mak: FAILED
plugins\Fls_TS_T40D2M10I2R0\perform_MCAL_change.bat: OK
plugins\Fls_TS_T40D2M10I2R0\plugin.xml: FAILED
plugins\Fls_TS_T40D2M10I2R0\plugin.xml.EB_update: FAILED
plugins\Fls_TS_T40D2M10I2R0\plugin.xml.origin_version: OK
plugins\Fls_TS_T40D2M10I2R0\resources\Fls_Dem_Events.xml: FAILED
plugins\Fls_TS_T40D2M10I2R0\resources\Fls_Dem_Events.xml.EB_update: FAILED
plugins\Fls_TS_T40D2M10I2R0\resources\Fls_EcuM_InitFunctions.xml: FAILED
plugins\Fls_TS_T40D2M10I2R0\resources\Fls_EcuM_InitFunctions.xml.EB_update: FAILED
plugins\Fls_TS_T40D2M10I2R0\resources\Fls_SchM_MainFunctions.xml: FAILED
plugins\Fls_TS_T40D2M10I2R0\resources\Fls_SchM_MainFunctions.xml.EB_update: FAILED
plugins\Fls_TS_T40D2M10I2R0\src\Fls.c: FAILED
plugins\Fls_TS_T40D2M10I2R0\src\Fls_Ac.c: FAILED
plugins\Fls_TS_T40D2M10I2R0\src\Fls_Flash.c: FAILED
plugins\Fls_TS_T40D2M10I2R0\src\Fls_Flash_Const.c: FAILED
plugins\Fls_TS_T40D2M10I2R0\src\Fls_IPW.c: FAILED
plugins\Fls_TS_T40D2M10I2R0\src\Fls_Qspi.c: FAILED
plugins\Fls_TS_T40D2M10I2R0\src\Fls_Qspi_Irq.c: FAILED
S:\Tools\EB_Bootloader\Workspace\checksums\bin\sha1sum.exe: WARNING: 39 of 64 computed checksums did NOT match
