plugins\Mcu_TS_T40D2M10I2R0\META-INF\MANIFEST.MF: FAILED
plugins\Mcu_TS_T40D2M10I2R0\META-INF\MANIFEST.MF.EB_update: FAILED
plugins\Mcu_TS_T40D2M10I2R0\META-INF\MANIFEST.MF.origin_version: FAILED
plugins\Mcu_TS_T40D2M10I2R0\anchors.xml: FAILED
plugins\Mcu_TS_T40D2M10I2R0\anchors.xml.EB_update: FAILED
plugins\Mcu_TS_T40D2M10I2R0\anchors.xml.origin_version: OK
plugins\Mcu_TS_T40D2M10I2R0\ant_generator.xml: OK
plugins\Mcu_TS_T40D2M10I2R0\autosar\Mcu_s32k118_lqfp48.epd: OK
plugins\Mcu_TS_T40D2M10I2R0\autosar\Mcu_s32k118_lqfp64.epd: OK
plugins\Mcu_TS_T40D2M10I2R0\autosar\Mcu_s32k142_lqfp100.epd: OK
plugins\Mcu_TS_T40D2M10I2R0\autosar\Mcu_s32k142_lqfp48.epd: OK
plugins\Mcu_TS_T40D2M10I2R0\autosar\Mcu_s32k142_lqfp64.epd: OK
plugins\Mcu_TS_T40D2M10I2R0\autosar\Mcu_s32k144_lqfp100.epd: OK
plugins\Mcu_TS_T40D2M10I2R0\autosar\Mcu_s32k144_lqfp48.epd: OK
plugins\Mcu_TS_T40D2M10I2R0\autosar\Mcu_s32k144_lqfp64.epd: OK
plugins\Mcu_TS_T40D2M10I2R0\autosar\Mcu_s32k144_mapbga100.epd: OK
plugins\Mcu_TS_T40D2M10I2R0\autosar\Mcu_s32k146_lqfp100.epd: OK
plugins\Mcu_TS_T40D2M10I2R0\autosar\Mcu_s32k146_lqfp144.epd: OK
plugins\Mcu_TS_T40D2M10I2R0\autosar\Mcu_s32k146_lqfp64.epd: OK
plugins\Mcu_TS_T40D2M10I2R0\autosar\Mcu_s32k146_mapbga100.epd: OK
plugins\Mcu_TS_T40D2M10I2R0\autosar\Mcu_s32k148_lqfp100.epd: OK
plugins\Mcu_TS_T40D2M10I2R0\autosar\Mcu_s32k148_lqfp144.epd: OK
plugins\Mcu_TS_T40D2M10I2R0\autosar\Mcu_s32k148_lqfp176.epd: OK
plugins\Mcu_TS_T40D2M10I2R0\autosar\Mcu_s32k148_mapbga100.epd: OK
plugins\Mcu_TS_T40D2M10I2R0\config\Mcu.xdm: FAILED
plugins\Mcu_TS_T40D2M10I2R0\config_ext\McuPreConfiguration.xdm: FAILED
plugins\Mcu_TS_T40D2M10I2R0\config_ext\McuRecConfigurationStandard.xdm: FAILED
plugins\Mcu_TS_T40D2M10I2R0\config_ext\McuRecConfigurationStandard.xdm.EB_update: FAILED
plugins\Mcu_TS_T40D2M10I2R0\doc\AUTOSAR_MCAL_MCU_IM.pdf: OK
plugins\Mcu_TS_T40D2M10I2R0\doc\AUTOSAR_MCAL_MCU_UM.pdf: OK
plugins\Mcu_TS_T40D2M10I2R0\generate_PB\Mcu_RegOperations.m: OK
plugins\Mcu_TS_T40D2M10I2R0\generate_PB\Mcu_VersionCheck_Inc.m: OK
plugins\Mcu_TS_T40D2M10I2R0\generate_PB\Mcu_VersionCheck_Src_PB.m: OK
plugins\Mcu_TS_T40D2M10I2R0\generate_PB\Mcu_checkvalues.m: OK
plugins\Mcu_TS_T40D2M10I2R0\generate_PB\src\Mcu_PBcfg.c: FAILED
plugins\Mcu_TS_T40D2M10I2R0\generate_PC\Mcu_RegOperations.m: OK
plugins\Mcu_TS_T40D2M10I2R0\generate_PC\Mcu_VersionCheck_Inc.m: OK
plugins\Mcu_TS_T40D2M10I2R0\generate_PC\Mcu_VersionCheck_Src_PC.m: OK
plugins\Mcu_TS_T40D2M10I2R0\generate_PC\Mcu_checkvalues.m: OK
plugins\Mcu_TS_T40D2M10I2R0\generate_PC\include\Mcu_Cfg.h: FAILED
plugins\Mcu_TS_T40D2M10I2R0\generate_PC\src\Mcu_Cfg.c: FAILED
plugins\Mcu_TS_T40D2M10I2R0\generate_swcd\swcd\Mcu_Bswmd.arxml: FAILED
plugins\Mcu_TS_T40D2M10I2R0\generate_swcd\swcd\Mcu_Bswmd.arxml.EB_update: FAILED
plugins\Mcu_TS_T40D2M10I2R0\generate_swcd\swcd\mcu_Bswmd.arxml.origin_version: FAILED
plugins\Mcu_TS_T40D2M10I2R0\include\Mcu.h: FAILED
plugins\Mcu_TS_T40D2M10I2R0\include\Mcu_CMU.h: FAILED
plugins\Mcu_TS_T40D2M10I2R0\include\Mcu_CMU_IPVersion.h: FAILED
plugins\Mcu_TS_T40D2M10I2R0\include\Mcu_CMU_Types.h: FAILED
plugins\Mcu_TS_T40D2M10I2R0\include\Mcu_CortexM4.h: FAILED
plugins\Mcu_TS_T40D2M10I2R0\include\Mcu_EnvCfg.h: FAILED
plugins\Mcu_TS_T40D2M10I2R0\include\Mcu_IPW.h: FAILED
plugins\Mcu_TS_T40D2M10I2R0\include\Mcu_IPW_Irq.h: FAILED
plugins\Mcu_TS_T40D2M10I2R0\include\Mcu_IPW_Types.h: FAILED
plugins\Mcu_TS_T40D2M10I2R0\include\Mcu_PCC.h: FAILED
plugins\Mcu_TS_T40D2M10I2R0\include\Mcu_PCC_Types.h: FAILED
plugins\Mcu_TS_T40D2M10I2R0\include\Mcu_PMC.h: FAILED
plugins\Mcu_TS_T40D2M10I2R0\include\Mcu_PMC_IPVersion.h: FAILED
plugins\Mcu_TS_T40D2M10I2R0\include\Mcu_PMC_Types.h: FAILED
plugins\Mcu_TS_T40D2M10I2R0\include\Mcu_RCM.h: FAILED
plugins\Mcu_TS_T40D2M10I2R0\include\Mcu_RCM_Types.h: FAILED
plugins\Mcu_TS_T40D2M10I2R0\include\Mcu_SCG.h: FAILED
plugins\Mcu_TS_T40D2M10I2R0\include\Mcu_SCG_Types.h: FAILED
plugins\Mcu_TS_T40D2M10I2R0\include\Mcu_SIM.h: FAILED
plugins\Mcu_TS_T40D2M10I2R0\include\Mcu_SIM_Types.h: FAILED
plugins\Mcu_TS_T40D2M10I2R0\include\Mcu_SMC.h: FAILED
plugins\Mcu_TS_T40D2M10I2R0\include\Mcu_SMC_Types.h: FAILED
plugins\Mcu_TS_T40D2M10I2R0\include\Reg_eSys_CMU.h: FAILED
plugins\Mcu_TS_T40D2M10I2R0\include\Reg_eSys_CortexM4.h: FAILED
plugins\Mcu_TS_T40D2M10I2R0\include\Reg_eSys_PCC.h: FAILED
plugins\Mcu_TS_T40D2M10I2R0\include\Reg_eSys_PMC.h: FAILED
plugins\Mcu_TS_T40D2M10I2R0\include\Reg_eSys_RCM.h: FAILED
plugins\Mcu_TS_T40D2M10I2R0\include\Reg_eSys_SCG.h: FAILED
plugins\Mcu_TS_T40D2M10I2R0\include\Reg_eSys_SIM.h: FAILED
plugins\Mcu_TS_T40D2M10I2R0\include\Reg_eSys_SMC.h: FAILED
plugins\Mcu_TS_T40D2M10I2R0\make\Mcu_defs.mak: FAILED
plugins\Mcu_TS_T40D2M10I2R0\make\Mcu_rules.mak: FAILED
plugins\Mcu_TS_T40D2M10I2R0\perform_MCAL_change.bat: OK
plugins\Mcu_TS_T40D2M10I2R0\plugin.xml: FAILED
plugins\Mcu_TS_T40D2M10I2R0\plugin.xml.EB_update: FAILED
plugins\Mcu_TS_T40D2M10I2R0\plugin.xml.origin_version: OK
plugins\Mcu_TS_T40D2M10I2R0\resources\Mcu_Dem_Events.xml: FAILED
plugins\Mcu_TS_T40D2M10I2R0\resources\Mcu_Dem_Events.xml.EB_update: FAILED
plugins\Mcu_TS_T40D2M10I2R0\resources\Mcu_EcuM_InitFunctions.xml: FAILED
plugins\Mcu_TS_T40D2M10I2R0\resources\Mcu_EcuM_InitFunctions.xml.EB_update: FAILED
plugins\Mcu_TS_T40D2M10I2R0\resources\Mcu_SchM_MainFunctions.xml: FAILED
plugins\Mcu_TS_T40D2M10I2R0\resources\Mcu_SchM_MainFunctions.xml.EB_update: FAILED
plugins\Mcu_TS_T40D2M10I2R0\src\Mcu.c: FAILED
plugins\Mcu_TS_T40D2M10I2R0\src\Mcu_CMU.c: FAILED
plugins\Mcu_TS_T40D2M10I2R0\src\Mcu_CMU_Irq.c: FAILED
plugins\Mcu_TS_T40D2M10I2R0\src\Mcu_CortexM4.c: FAILED
plugins\Mcu_TS_T40D2M10I2R0\src\Mcu_IPW.c: FAILED
plugins\Mcu_TS_T40D2M10I2R0\src\Mcu_IPW_Irq.c: FAILED
plugins\Mcu_TS_T40D2M10I2R0\src\Mcu_PCC.c: FAILED
plugins\Mcu_TS_T40D2M10I2R0\src\Mcu_PMC.c: FAILED
plugins\Mcu_TS_T40D2M10I2R0\src\Mcu_PMC_Irq.c: FAILED
plugins\Mcu_TS_T40D2M10I2R0\src\Mcu_RCM.c: FAILED
plugins\Mcu_TS_T40D2M10I2R0\src\Mcu_RCM_Irq.c: FAILED
plugins\Mcu_TS_T40D2M10I2R0\src\Mcu_SCG.c: FAILED
plugins\Mcu_TS_T40D2M10I2R0\src\Mcu_SIM.c: FAILED
plugins\Mcu_TS_T40D2M10I2R0\src\Mcu_SMC.c: FAILED
S:\Tools\EB_Bootloader\Workspace\checksums\bin\sha1sum.exe: WARNING: 69 of 100 computed checksums did NOT match
