S:\Tools\EB_Bootloader\Workspace\checksums\bin\sha1sum.exe: plugins\PbcfgM_TS_TxDxM1I2R0\META-INF\MANIFEST.MF: No such file or directory
plugins\PbcfgM_TS_TxDxM1I2R0\META-INF\MANIFEST.MF: FAILED open or read
S:\Tools\EB_Bootloader\Workspace\checksums\bin\sha1sum.exe: plugins\PbcfgM_TS_TxDxM1I2R0\anchors.xml: No such file or directory
plugins\PbcfgM_TS_TxDxM1I2R0\anchors.xml: FAILED open or read
S:\Tools\EB_Bootloader\Workspace\checksums\bin\sha1sum.exe: plugins\PbcfgM_TS_TxDxM1I2R0\autosar\PbcfgM.bmd: No such file or directory
plugins\PbcfgM_TS_TxDxM1I2R0\autosar\PbcfgM.bmd: FAILED open or read
S:\Tools\EB_Bootloader\Workspace\checksums\bin\sha1sum.exe: plugins\PbcfgM_TS_TxDxM1I2R0\config\PbcfgM.xdm: No such file or directory
plugins\PbcfgM_TS_TxDxM1I2R0\config\PbcfgM.xdm: FAILED open or read
S:\Tools\EB_Bootloader\Workspace\checksums\bin\sha1sum.exe: plugins\PbcfgM_TS_TxDxM1I2R0\generate\templates\include\PbcfgM_Cfg.h: No such file or directory
plugins\PbcfgM_TS_TxDxM1I2R0\generate\templates\include\PbcfgM_Cfg.h: FAILED open or read
S:\Tools\EB_Bootloader\Workspace\checksums\bin\sha1sum.exe: plugins\PbcfgM_TS_TxDxM1I2R0\generate\templates\include\PbcfgM_Lcfg.h: No such file or directory
plugins\PbcfgM_TS_TxDxM1I2R0\generate\templates\include\PbcfgM_Lcfg.h: FAILED open or read
S:\Tools\EB_Bootloader\Workspace\checksums\bin\sha1sum.exe: plugins\PbcfgM_TS_TxDxM1I2R0\generate\templates\include\PbcfgM_Master_PBcfg.h: No such file or directory
plugins\PbcfgM_TS_TxDxM1I2R0\generate\templates\include\PbcfgM_Master_PBcfg.h: FAILED open or read
S:\Tools\EB_Bootloader\Workspace\checksums\bin\sha1sum.exe: plugins\PbcfgM_TS_TxDxM1I2R0\generate\templates\include\PbcfgM_SymbolicNames_PBcfg.h: No such file or directory
plugins\PbcfgM_TS_TxDxM1I2R0\generate\templates\include\PbcfgM_SymbolicNames_PBcfg.h: FAILED open or read
S:\Tools\EB_Bootloader\Workspace\checksums\bin\sha1sum.exe: plugins\PbcfgM_TS_TxDxM1I2R0\generate\templates\src\PbcfgM_Lcfg.c: No such file or directory
plugins\PbcfgM_TS_TxDxM1I2R0\generate\templates\src\PbcfgM_Lcfg.c: FAILED open or read
S:\Tools\EB_Bootloader\Workspace\checksums\bin\sha1sum.exe: plugins\PbcfgM_TS_TxDxM1I2R0\generate\templates\src\PbcfgM_Master_PBCfg.c: No such file or directory
plugins\PbcfgM_TS_TxDxM1I2R0\generate\templates\src\PbcfgM_Master_PBCfg.c: FAILED open or read
S:\Tools\EB_Bootloader\Workspace\checksums\bin\sha1sum.exe: plugins\PbcfgM_TS_TxDxM1I2R0\generate\templates\xgen\PbcfgM.xgen: No such file or directory
plugins\PbcfgM_TS_TxDxM1I2R0\generate\templates\xgen\PbcfgM.xgen: FAILED open or read
S:\Tools\EB_Bootloader\Workspace\checksums\bin\sha1sum.exe: plugins\PbcfgM_TS_TxDxM1I2R0\generate_swcd\swcd\PbcfgM_Bswmd.arxml: No such file or directory
plugins\PbcfgM_TS_TxDxM1I2R0\generate_swcd\swcd\PbcfgM_Bswmd.arxml: FAILED open or read
S:\Tools\EB_Bootloader\Workspace\checksums\bin\sha1sum.exe: plugins\PbcfgM_TS_TxDxM1I2R0\include\PbcfgM.h: No such file or directory
plugins\PbcfgM_TS_TxDxM1I2R0\include\PbcfgM.h: FAILED open or read
S:\Tools\EB_Bootloader\Workspace\checksums\bin\sha1sum.exe: plugins\PbcfgM_TS_TxDxM1I2R0\include\PbcfgM_Api.h: No such file or directory
plugins\PbcfgM_TS_TxDxM1I2R0\include\PbcfgM_Api.h: FAILED open or read
S:\Tools\EB_Bootloader\Workspace\checksums\bin\sha1sum.exe: plugins\PbcfgM_TS_TxDxM1I2R0\include\PbcfgM_Int.h: No such file or directory
plugins\PbcfgM_TS_TxDxM1I2R0\include\PbcfgM_Int.h: FAILED open or read
S:\Tools\EB_Bootloader\Workspace\checksums\bin\sha1sum.exe: plugins\PbcfgM_TS_TxDxM1I2R0\include\PbcfgM_Trace.h: No such file or directory
plugins\PbcfgM_TS_TxDxM1I2R0\include\PbcfgM_Trace.h: FAILED open or read
S:\Tools\EB_Bootloader\Workspace\checksums\bin\sha1sum.exe: plugins\PbcfgM_TS_TxDxM1I2R0\include\PbcfgM_Trace_Internal.h: No such file or directory
plugins\PbcfgM_TS_TxDxM1I2R0\include\PbcfgM_Trace_Internal.h: FAILED open or read
S:\Tools\EB_Bootloader\Workspace\checksums\bin\sha1sum.exe: plugins\PbcfgM_TS_TxDxM1I2R0\include\PbcfgM_Types.h: No such file or directory
plugins\PbcfgM_TS_TxDxM1I2R0\include\PbcfgM_Types.h: FAILED open or read
S:\Tools\EB_Bootloader\Workspace\checksums\bin\sha1sum.exe: plugins\PbcfgM_TS_TxDxM1I2R0\include\PbcfgM_Version.h: No such file or directory
plugins\PbcfgM_TS_TxDxM1I2R0\include\PbcfgM_Version.h: FAILED open or read
S:\Tools\EB_Bootloader\Workspace\checksums\bin\sha1sum.exe: plugins\PbcfgM_TS_TxDxM1I2R0\make\PbcfgM_defs.mak: No such file or directory
plugins\PbcfgM_TS_TxDxM1I2R0\make\PbcfgM_defs.mak: FAILED open or read
S:\Tools\EB_Bootloader\Workspace\checksums\bin\sha1sum.exe: plugins\PbcfgM_TS_TxDxM1I2R0\make\PbcfgM_rules.mak: No such file or directory
plugins\PbcfgM_TS_TxDxM1I2R0\make\PbcfgM_rules.mak: FAILED open or read
S:\Tools\EB_Bootloader\Workspace\checksums\bin\sha1sum.exe: plugins\PbcfgM_TS_TxDxM1I2R0\plugin.xml: No such file or directory
plugins\PbcfgM_TS_TxDxM1I2R0\plugin.xml: FAILED open or read
S:\Tools\EB_Bootloader\Workspace\checksums\bin\sha1sum.exe: plugins\PbcfgM_TS_TxDxM1I2R0\resources\ant-contrib-1.0b1.jar: No such file or directory
plugins\PbcfgM_TS_TxDxM1I2R0\resources\ant-contrib-1.0b1.jar: FAILED open or read
S:\Tools\EB_Bootloader\Workspace\checksums\bin\sha1sum.exe: plugins\PbcfgM_TS_TxDxM1I2R0\resources\ng_task_build.xml: No such file or directory
plugins\PbcfgM_TS_TxDxM1I2R0\resources\ng_task_build.xml: FAILED open or read
S:\Tools\EB_Bootloader\Workspace\checksums\bin\sha1sum.exe: plugins\PbcfgM_TS_TxDxM1I2R0\src\PbcfgM.c: No such file or directory
plugins\PbcfgM_TS_TxDxM1I2R0\src\PbcfgM.c: FAILED open or read
S:\Tools\EB_Bootloader\Workspace\checksums\bin\sha1sum.exe: WARNING: 25 of 25 listed files could not be read
