plugins\PduRExt_TS_TxDxM5I3R0\META-INF\MANIFEST.MF: FAILED
plugins\PduRExt_TS_TxDxM5I3R0\plugin.xml: OK
plugins\PduRExt_TS_TxDxM5I3R0\plugin_classes.jar: FAILED
plugins\PduR_TS_TxDxM5I3R0\META-INF\MANIFEST.MF: FAILED
plugins\PduR_TS_TxDxM5I3R0\anchors.xml: OK
plugins\PduR_TS_TxDxM5I3R0\autosar\PduR.bmd: FAILED
plugins\PduR_TS_TxDxM5I3R0\config\PduR.xdm: FAILED
plugins\PduR_TS_TxDxM5I3R0\config_ext\PduRRecConfigurationCanEcu.xdm: FAILED
plugins\PduR_TS_TxDxM5I3R0\config_ext\PduRRecConfigurationEthernetEcu.xdm: FAILED
plugins\PduR_TS_TxDxM5I3R0\config_ext\PduRRecConfigurationFrEcu.xdm: FAILED
plugins\PduR_TS_TxDxM5I3R0\config_ext\PduRRecConfigurationGatewayEcu.xdm: FAILED
plugins\PduR_TS_TxDxM5I3R0\config_ext\PduRRecConfigurationLinEcu.xdm: FAILED
plugins\PduR_TS_TxDxM5I3R0\generate_swcd\swcd\PduR_Bswmd.arxml: FAILED
plugins\PduR_TS_TxDxM5I3R0\include\PduR.h: FAILED
plugins\PduR_TS_TxDxM5I3R0\include\PduR_Api.h: FAILED
plugins\PduR_TS_TxDxM5I3R0\include\PduR_Api_Depend.h: FAILED
plugins\PduR_TS_TxDxM5I3R0\include\PduR_Api_Static.h: FAILED
plugins\PduR_TS_TxDxM5I3R0\include\PduR_Internal_Static.h: FAILED
plugins\PduR_TS_TxDxM5I3R0\include\PduR_Lcfg_Static.h: FAILED
plugins\PduR_TS_TxDxM5I3R0\include\PduR_Trace.h: FAILED
plugins\PduR_TS_TxDxM5I3R0\include\PduR_Version.h: FAILED
plugins\PduR_TS_TxDxM5I3R0\include\PduR_WrapASR32.h: FAILED
plugins\PduR_TS_TxDxM5I3R0\integration_requirements\PduR_integration_req.reqm: FAILED
plugins\PduR_TS_TxDxM5I3R0\make\PduR_defs.mak: FAILED
plugins\PduR_TS_TxDxM5I3R0\make\PduR_rules.mak: FAILED
plugins\PduR_TS_TxDxM5I3R0\plugin.xml: FAILED
plugins\PduR_TS_TxDxM5I3R0\resources\AdjacentLayer.properties: OK
plugins\PduR_TS_TxDxM5I3R0\resources\Multicore_PduR.xml: OK
plugins\PduR_TS_TxDxM5I3R0\resources\PduR_SchM_ExclusiveAreas.xml: OK
plugins\PduR_TS_TxDxM5I3R0\resources\Template.AdjacentLayer.properties: OK
plugins\PduR_TS_TxDxM5I3R0\src\PduR.c: FAILED
plugins\PduR_TS_TxDxM5I3R0\src\PduR_DisableRouting.c: FAILED
plugins\PduR_TS_TxDxM5I3R0\src\PduR_EnableRouting.c: FAILED
plugins\PduR_TS_TxDxM5I3R0\src\PduR_GateIfRxIndicationDf.c: FAILED
plugins\PduR_TS_TxDxM5I3R0\src\PduR_GateIfRxIndicationDfDynPyld.c: FAILED
plugins\PduR_TS_TxDxM5I3R0\src\PduR_GateIfRxIndicationDfMCoreDynPyld.c: FAILED
plugins\PduR_TS_TxDxM5I3R0\src\PduR_GateIfRxIndicationMcUpSbDynPyld.c: FAILED
plugins\PduR_TS_TxDxM5I3R0\src\PduR_GateIfRxIndicationNb.c: FAILED
plugins\PduR_TS_TxDxM5I3R0\src\PduR_GateIfRxIndicationSb.c: FAILED
plugins\PduR_TS_TxDxM5I3R0\src\PduR_GateIfRxIndicationSbDynPyld.c: FAILED
plugins\PduR_TS_TxDxM5I3R0\src\PduR_GateIfRxIndicationSbMCoreDynPyld.c: FAILED
plugins\PduR_TS_TxDxM5I3R0\src\PduR_GateIfRxIndicationTf.c: FAILED
plugins\PduR_TS_TxDxM5I3R0\src\PduR_GateIfRxIndicationTfDynPyld.c: FAILED
plugins\PduR_TS_TxDxM5I3R0\src\PduR_GateIfTriggerTransmitSb.c: FAILED
plugins\PduR_TS_TxDxM5I3R0\src\PduR_GateIfTriggerTransmitSbDynPyld.c: FAILED
plugins\PduR_TS_TxDxM5I3R0\src\PduR_GateIfTriggerTransmitTf.c: FAILED
plugins\PduR_TS_TxDxM5I3R0\src\PduR_GateIfTriggerTransmitTfDynPyld.c: FAILED
plugins\PduR_TS_TxDxM5I3R0\src\PduR_GateIfTxConfirmationDf.c: FAILED
plugins\PduR_TS_TxDxM5I3R0\src\PduR_GateIfTxConfirmationDfDynPyld.c: FAILED
plugins\PduR_TS_TxDxM5I3R0\src\PduR_GateIfTxConfirmationDfMCoreDynPyld.c: FAILED
plugins\PduR_TS_TxDxM5I3R0\src\PduR_GateIfTxConfirmationTf.c: FAILED
plugins\PduR_TS_TxDxM5I3R0\src\PduR_GateIfTxConfirmationTfDynPyld.c: FAILED
plugins\PduR_TS_TxDxM5I3R0\src\PduR_GateTp.c: FAILED
plugins\PduR_TS_TxDxM5I3R0\src\PduR_GateTpCopyRxData.c: FAILED
plugins\PduR_TS_TxDxM5I3R0\src\PduR_GateTpCopyTxData.c: FAILED
plugins\PduR_TS_TxDxM5I3R0\src\PduR_GateTpRxIndication.c: FAILED
plugins\PduR_TS_TxDxM5I3R0\src\PduR_GateTpStartOfReception.c: FAILED
plugins\PduR_TS_TxDxM5I3R0\src\PduR_GateTpTxConfirmation.c: FAILED
plugins\PduR_TS_TxDxM5I3R0\src\PduR_GateTpUpReception.c: FAILED
plugins\PduR_TS_TxDxM5I3R0\src\PduR_GenericIfRxIndication.c: FAILED
plugins\PduR_TS_TxDxM5I3R0\src\PduR_GenericIfTransmit.c: FAILED
plugins\PduR_TS_TxDxM5I3R0\src\PduR_GenericIfTriggerTransmit.c: FAILED
plugins\PduR_TS_TxDxM5I3R0\src\PduR_GenericIfTxConfirmation.c: FAILED
plugins\PduR_TS_TxDxM5I3R0\src\PduR_GenericTpCancelReceive.c: FAILED
plugins\PduR_TS_TxDxM5I3R0\src\PduR_GenericTpCancelTransmit.c: FAILED
plugins\PduR_TS_TxDxM5I3R0\src\PduR_GenericTpChangeParameter.c: FAILED
plugins\PduR_TS_TxDxM5I3R0\src\PduR_GenericTpCopyRxData.c: FAILED
plugins\PduR_TS_TxDxM5I3R0\src\PduR_GenericTpCopyTxData.c: FAILED
plugins\PduR_TS_TxDxM5I3R0\src\PduR_GenericTpRxIndication.c: FAILED
plugins\PduR_TS_TxDxM5I3R0\src\PduR_GenericTpStartOfReception.c: FAILED
plugins\PduR_TS_TxDxM5I3R0\src\PduR_GenericTpTransmit.c: FAILED
plugins\PduR_TS_TxDxM5I3R0\src\PduR_GenericTpTxConfirmation.c: FAILED
plugins\PduR_TS_TxDxM5I3R0\src\PduR_GetConfigurationId.c: FAILED
plugins\PduR_TS_TxDxM5I3R0\src\PduR_GetVersionInfo.c: FAILED
plugins\PduR_TS_TxDxM5I3R0\src\PduR_Init.c: FAILED
plugins\PduR_TS_TxDxM5I3R0\src\PduR_IsValidConfig.c: FAILED
plugins\PduR_TS_TxDxM5I3R0\src\PduR_Merged.c: FAILED
plugins\PduR_TS_TxDxM5I3R0\src\PduR_MultiIf.c: FAILED
plugins\PduR_TS_TxDxM5I3R0\src\PduR_MultiIfRxIndication.c: FAILED
plugins\PduR_TS_TxDxM5I3R0\src\PduR_MultiIfTriggerTransmit.c: FAILED
plugins\PduR_TS_TxDxM5I3R0\src\PduR_MultiIfTxConfirmation.c: FAILED
plugins\PduR_TS_TxDxM5I3R0\src\PduR_MultiTp.c: FAILED
plugins\PduR_TS_TxDxM5I3R0\src\PduR_MultiTpCopyTxData.c: FAILED
plugins\PduR_TS_TxDxM5I3R0\src\PduR_MultiTpTransmit.c: FAILED
plugins\PduR_TS_TxDxM5I3R0\src\PduR_MultiTpTxConfirmation.c: FAILED
plugins\PduR_TS_TxDxM5I3R0\src\PduR_MultiUpIfTransmit.c: FAILED
plugins\PduR_TS_TxDxM5I3R0\src\PduR_MultiUpMCoreIfTransmit.c: FAILED
plugins\PduR_TS_TxDxM5I3R0\src\PduR_Nto1GateTpCopyRxData.c: FAILED
plugins\PduR_TS_TxDxM5I3R0\src\PduR_Nto1GateTpCopyTxData.c: FAILED
plugins\PduR_TS_TxDxM5I3R0\src\PduR_Nto1GateTpRxIndication.c: FAILED
plugins\PduR_TS_TxDxM5I3R0\src\PduR_Nto1GateTpStartOfReception.c: FAILED
plugins\PduR_TS_TxDxM5I3R0\src\PduR_Nto1GateTpTxConfirmation.c: FAILED
plugins\PduR_TS_TxDxM5I3R0\src\PduR_RPathGroups.c: FAILED
plugins\PduR_TS_TxDxM5I3R0\src\PduR_WrapASR32.c: FAILED
S:\Tools\EB_Bootloader\Workspace\checksums\bin\sha1sum.exe: WARNING: 88 of 94 computed checksums did NOT match
