S:\Tools\EB_Bootloader\Workspace\checksums\bin\sha1sum.exe: plugins\Platforms_TS_T19D1M4I0R0\META-INF\MANIFEST.MF: No such file or directory
plugins\Platforms_TS_T19D1M4I0R0\META-INF\MANIFEST.MF: FAILED open or read
S:\Tools\EB_Bootloader\Workspace\checksums\bin\sha1sum.exe: plugins\Platforms_TS_T19D1M4I0R0\anchors.xml: No such file or directory
plugins\Platforms_TS_T19D1M4I0R0\anchors.xml: FAILED open or read
S:\Tools\EB_Bootloader\Workspace\checksums\bin\sha1sum.exe: plugins\Platforms_TS_T19D1M4I0R0\include\Platforms_TSPlatforms.h: No such file or directory
plugins\Platforms_TS_T19D1M4I0R0\include\Platforms_TSPlatforms.h: FAILED open or read
S:\Tools\EB_Bootloader\Workspace\checksums\bin\sha1sum.exe: plugins\Platforms_TS_T19D1M4I0R0\include\WINDOWS\CifConstants.h: No such file or directory
plugins\Platforms_TS_T19D1M4I0R0\include\WINDOWS\CifConstants.h: FAILED open or read
S:\Tools\EB_Bootloader\Workspace\checksums\bin\sha1sum.exe: plugins\Platforms_TS_T19D1M4I0R0\include\WINDOWS\Platforms_TSPlatforms.h: No such file or directory
plugins\Platforms_TS_T19D1M4I0R0\include\WINDOWS\Platforms_TSPlatforms.h: FAILED open or read
S:\Tools\EB_Bootloader\Workspace\checksums\bin\sha1sum.exe: plugins\Platforms_TS_T19D1M4I0R0\include\WINDOWS\cif_swig_defs.h: No such file or directory
plugins\Platforms_TS_T19D1M4I0R0\include\WINDOWS\cif_swig_defs.h: FAILED open or read
S:\Tools\EB_Bootloader\Workspace\checksums\bin\sha1sum.exe: plugins\Platforms_TS_T19D1M4I0R0\include\WINDOWS\cifii.h: No such file or directory
plugins\Platforms_TS_T19D1M4I0R0\include\WINDOWS\cifii.h: FAILED open or read
S:\Tools\EB_Bootloader\Workspace\checksums\bin\sha1sum.exe: plugins\Platforms_TS_T19D1M4I0R0\include\cif_swig_defs.h: No such file or directory
plugins\Platforms_TS_T19D1M4I0R0\include\cif_swig_defs.h: FAILED open or read
S:\Tools\EB_Bootloader\Workspace\checksums\bin\sha1sum.exe: plugins\Platforms_TS_T19D1M4I0R0\lib\EB_tresos_TAL.dll: No such file or directory
plugins\Platforms_TS_T19D1M4I0R0\lib\EB_tresos_TAL.dll: FAILED open or read
S:\Tools\EB_Bootloader\Workspace\checksums\bin\sha1sum.exe: plugins\Platforms_TS_T19D1M4I0R0\lib\EB_tresos_TAL.lib: No such file or directory
plugins\Platforms_TS_T19D1M4I0R0\lib\EB_tresos_TAL.lib: FAILED open or read
S:\Tools\EB_Bootloader\Workspace\checksums\bin\sha1sum.exe: plugins\Platforms_TS_T19D1M4I0R0\lib\PCANBasic.dll: No such file or directory
plugins\Platforms_TS_T19D1M4I0R0\lib\PCANBasic.dll: FAILED open or read
S:\Tools\EB_Bootloader\Workspace\checksums\bin\sha1sum.exe: plugins\Platforms_TS_T19D1M4I0R0\lib\PCANBasic.lib: No such file or directory
plugins\Platforms_TS_T19D1M4I0R0\lib\PCANBasic.lib: FAILED open or read
S:\Tools\EB_Bootloader\Workspace\checksums\bin\sha1sum.exe: plugins\Platforms_TS_T19D1M4I0R0\lib\ReadMe_Vector.txt: No such file or directory
plugins\Platforms_TS_T19D1M4I0R0\lib\ReadMe_Vector.txt: FAILED open or read
S:\Tools\EB_Bootloader\Workspace\checksums\bin\sha1sum.exe: plugins\Platforms_TS_T19D1M4I0R0\lib\ReadMe_pcan.txt: No such file or directory
plugins\Platforms_TS_T19D1M4I0R0\lib\ReadMe_pcan.txt: FAILED open or read
S:\Tools\EB_Bootloader\Workspace\checksums\bin\sha1sum.exe: plugins\Platforms_TS_T19D1M4I0R0\lib\cif.lib: No such file or directory
plugins\Platforms_TS_T19D1M4I0R0\lib\cif.lib: FAILED open or read
S:\Tools\EB_Bootloader\Workspace\checksums\bin\sha1sum.exe: plugins\Platforms_TS_T19D1M4I0R0\lib\libubsan-0.dll: No such file or directory
plugins\Platforms_TS_T19D1M4I0R0\lib\libubsan-0.dll: FAILED open or read
S:\Tools\EB_Bootloader\Workspace\checksums\bin\sha1sum.exe: plugins\Platforms_TS_T19D1M4I0R0\lib\vxlapi.dll: No such file or directory
plugins\Platforms_TS_T19D1M4I0R0\lib\vxlapi.dll: FAILED open or read
S:\Tools\EB_Bootloader\Workspace\checksums\bin\sha1sum.exe: plugins\Platforms_TS_T19D1M4I0R0\lib\vxlapi.lib: No such file or directory
plugins\Platforms_TS_T19D1M4I0R0\lib\vxlapi.lib: FAILED open or read
S:\Tools\EB_Bootloader\Workspace\checksums\bin\sha1sum.exe: plugins\Platforms_TS_T19D1M4I0R0\make\Platforms_defs.mak: No such file or directory
plugins\Platforms_TS_T19D1M4I0R0\make\Platforms_defs.mak: FAILED open or read
S:\Tools\EB_Bootloader\Workspace\checksums\bin\sha1sum.exe: plugins\Platforms_TS_T19D1M4I0R0\make\Platforms_rules.mak: No such file or directory
plugins\Platforms_TS_T19D1M4I0R0\make\Platforms_rules.mak: FAILED open or read
S:\Tools\EB_Bootloader\Workspace\checksums\bin\sha1sum.exe: plugins\Platforms_TS_T19D1M4I0R0\plugin.xml: No such file or directory
plugins\Platforms_TS_T19D1M4I0R0\plugin.xml: FAILED open or read
S:\Tools\EB_Bootloader\Workspace\checksums\bin\sha1sum.exe: plugins\Platforms_TS_T19D1M4I0R0\resource\WINDOWS_WIN32X86.properties: No such file or directory
plugins\Platforms_TS_T19D1M4I0R0\resource\WINDOWS_WIN32X86.properties: FAILED open or read
S:\Tools\EB_Bootloader\Workspace\checksums\bin\sha1sum.exe: plugins\Platforms_TS_T19D1M4I0R0\tools\mingw-gcc-6.2.0\MinGW.exe: No such file or directory
plugins\Platforms_TS_T19D1M4I0R0\tools\mingw-gcc-6.2.0\MinGW.exe: FAILED open or read
S:\Tools\EB_Bootloader\Workspace\checksums\bin\sha1sum.exe: plugins\Platforms_TS_T19D1M4I0R0\tools\mingw-gcc-6.2.0\Readme.txt: No such file or directory
plugins\Platforms_TS_T19D1M4I0R0\tools\mingw-gcc-6.2.0\Readme.txt: FAILED open or read
S:\Tools\EB_Bootloader\Workspace\checksums\bin\sha1sum.exe: plugins\Platforms_TS_T19D1M4I0R0\tools\mingw-gcc-6.2.0\bin\EB_tresos_TAL.dll: No such file or directory
plugins\Platforms_TS_T19D1M4I0R0\tools\mingw-gcc-6.2.0\bin\EB_tresos_TAL.dll: FAILED open or read
S:\Tools\EB_Bootloader\Workspace\checksums\bin\sha1sum.exe: plugins\Platforms_TS_T19D1M4I0R0\tools\mingw-gcc-6.2.0\bin\PCANBasic.dll: No such file or directory
plugins\Platforms_TS_T19D1M4I0R0\tools\mingw-gcc-6.2.0\bin\PCANBasic.dll: FAILED open or read
S:\Tools\EB_Bootloader\Workspace\checksums\bin\sha1sum.exe: plugins\Platforms_TS_T19D1M4I0R0\tools\mingw-gcc-6.2.0\bin\libubsan-0.dll: No such file or directory
plugins\Platforms_TS_T19D1M4I0R0\tools\mingw-gcc-6.2.0\bin\libubsan-0.dll: FAILED open or read
S:\Tools\EB_Bootloader\Workspace\checksums\bin\sha1sum.exe: plugins\Platforms_TS_T19D1M4I0R0\tools\mingw-gcc-6.2.0\bin\vxlapi.dll: No such file or directory
plugins\Platforms_TS_T19D1M4I0R0\tools\mingw-gcc-6.2.0\bin\vxlapi.dll: FAILED open or read
S:\Tools\EB_Bootloader\Workspace\checksums\bin\sha1sum.exe: WARNING: 28 of 28 listed files could not be read
