S:\Tools\EB_Bootloader\Workspace\checksums\bin\sha1sum.exe: plugins\Platforms_TS_T19D1M3I0R0\META-INF\MANIFEST.MF: No such file or directory
plugins\Platforms_TS_T19D1M3I0R0\META-INF\MANIFEST.MF: FAILED open or read
S:\Tools\EB_Bootloader\Workspace\checksums\bin\sha1sum.exe: plugins\Platforms_TS_T19D1M3I0R0\anchors.xml: No such file or directory
plugins\Platforms_TS_T19D1M3I0R0\anchors.xml: FAILED open or read
S:\Tools\EB_Bootloader\Workspace\checksums\bin\sha1sum.exe: plugins\Platforms_TS_T19D1M3I0R0\include\Platforms_TSPlatforms.h: No such file or directory
plugins\Platforms_TS_T19D1M3I0R0\include\Platforms_TSPlatforms.h: FAILED open or read
S:\Tools\EB_Bootloader\Workspace\checksums\bin\sha1sum.exe: plugins\Platforms_TS_T19D1M3I0R0\include\WINDOWS\Platforms_TSPlatforms.h: No such file or directory
plugins\Platforms_TS_T19D1M3I0R0\include\WINDOWS\Platforms_TSPlatforms.h: FAILED open or read
S:\Tools\EB_Bootloader\Workspace\checksums\bin\sha1sum.exe: plugins\Platforms_TS_T19D1M3I0R0\include\WINDOWS\cif_swig_defs.h: No such file or directory
plugins\Platforms_TS_T19D1M3I0R0\include\WINDOWS\cif_swig_defs.h: FAILED open or read
S:\Tools\EB_Bootloader\Workspace\checksums\bin\sha1sum.exe: plugins\Platforms_TS_T19D1M3I0R0\include\cif_swig_defs.h: No such file or directory
plugins\Platforms_TS_T19D1M3I0R0\include\cif_swig_defs.h: FAILED open or read
S:\Tools\EB_Bootloader\Workspace\checksums\bin\sha1sum.exe: plugins\Platforms_TS_T19D1M3I0R0\make\Platforms_defs.mak: No such file or directory
plugins\Platforms_TS_T19D1M3I0R0\make\Platforms_defs.mak: FAILED open or read
S:\Tools\EB_Bootloader\Workspace\checksums\bin\sha1sum.exe: plugins\Platforms_TS_T19D1M3I0R0\make\Platforms_rules.mak: No such file or directory
plugins\Platforms_TS_T19D1M3I0R0\make\Platforms_rules.mak: FAILED open or read
S:\Tools\EB_Bootloader\Workspace\checksums\bin\sha1sum.exe: plugins\Platforms_TS_T19D1M3I0R0\plugin.xml: No such file or directory
plugins\Platforms_TS_T19D1M3I0R0\plugin.xml: FAILED open or read
S:\Tools\EB_Bootloader\Workspace\checksums\bin\sha1sum.exe: plugins\Platforms_TS_T19D1M3I0R0\resource\WINDOWS_WIN32X86.properties: No such file or directory
plugins\Platforms_TS_T19D1M3I0R0\resource\WINDOWS_WIN32X86.properties: FAILED open or read
S:\Tools\EB_Bootloader\Workspace\checksums\bin\sha1sum.exe: plugins\Platforms_TS_T19D1M3I0R0\tools\mingw-gcc-6.2.0\MinGW.exe: No such file or directory
plugins\Platforms_TS_T19D1M3I0R0\tools\mingw-gcc-6.2.0\MinGW.exe: FAILED open or read
S:\Tools\EB_Bootloader\Workspace\checksums\bin\sha1sum.exe: plugins\Platforms_TS_T19D1M3I0R0\tools\mingw-gcc-6.2.0\Readme.txt: No such file or directory
plugins\Platforms_TS_T19D1M3I0R0\tools\mingw-gcc-6.2.0\Readme.txt: FAILED open or read
S:\Tools\EB_Bootloader\Workspace\checksums\bin\sha1sum.exe: WARNING: 12 of 12 listed files could not be read
