plugins\Port_TS_T40D2M10I2R0\META-INF\MANIFEST.MF: FAILED
plugins\Port_TS_T40D2M10I2R0\META-INF\MANIFEST.MF.EB_update: FAILED
plugins\Port_TS_T40D2M10I2R0\META-INF\MANIFEST.MF.origin_version: FAILED
plugins\Port_TS_T40D2M10I2R0\anchors.xml: FAILED
plugins\Port_TS_T40D2M10I2R0\anchors.xml.EB_update: FAILED
plugins\Port_TS_T40D2M10I2R0\anchors.xml.origin_version: OK
plugins\Port_TS_T40D2M10I2R0\ant_generator.xml: OK
plugins\Port_TS_T40D2M10I2R0\autosar\Port_s32k118_lqfp48.epd: OK
plugins\Port_TS_T40D2M10I2R0\autosar\Port_s32k118_lqfp64.epd: OK
plugins\Port_TS_T40D2M10I2R0\autosar\Port_s32k142_lqfp100.epd: OK
plugins\Port_TS_T40D2M10I2R0\autosar\Port_s32k142_lqfp48.epd: OK
plugins\Port_TS_T40D2M10I2R0\autosar\Port_s32k142_lqfp64.epd: OK
plugins\Port_TS_T40D2M10I2R0\autosar\Port_s32k144_lqfp100.epd: OK
plugins\Port_TS_T40D2M10I2R0\autosar\Port_s32k144_lqfp48.epd: OK
plugins\Port_TS_T40D2M10I2R0\autosar\Port_s32k144_lqfp64.epd: OK
plugins\Port_TS_T40D2M10I2R0\autosar\Port_s32k144_mapbga100.epd: OK
plugins\Port_TS_T40D2M10I2R0\autosar\Port_s32k146_lqfp100.epd: OK
plugins\Port_TS_T40D2M10I2R0\autosar\Port_s32k146_lqfp144.epd: OK
plugins\Port_TS_T40D2M10I2R0\autosar\Port_s32k146_lqfp64.epd: OK
plugins\Port_TS_T40D2M10I2R0\autosar\Port_s32k146_mapbga100.epd: OK
plugins\Port_TS_T40D2M10I2R0\autosar\Port_s32k148_lqfp100.epd: OK
plugins\Port_TS_T40D2M10I2R0\autosar\Port_s32k148_lqfp144.epd: OK
plugins\Port_TS_T40D2M10I2R0\autosar\Port_s32k148_lqfp176.epd: OK
plugins\Port_TS_T40D2M10I2R0\autosar\Port_s32k148_mapbga100.epd: OK
plugins\Port_TS_T40D2M10I2R0\config\Port.xdm: FAILED
plugins\Port_TS_T40D2M10I2R0\config_ext\PortRecConfiguration_JtagPins.xdm: FAILED
plugins\Port_TS_T40D2M10I2R0\doc\AUTOSAR_MCAL_PORT_IM.pdf: OK
plugins\Port_TS_T40D2M10I2R0\doc\AUTOSAR_MCAL_PORT_UM.pdf: OK
plugins\Port_TS_T40D2M10I2R0\generate_PB\Port_S32K118_Resource.m: FAILED
plugins\Port_TS_T40D2M10I2R0\generate_PB\Port_S32K142_Resource.m: FAILED
plugins\Port_TS_T40D2M10I2R0\generate_PB\Port_S32K144_Resource.m: FAILED
plugins\Port_TS_T40D2M10I2R0\generate_PB\Port_S32K146_Resource.m: FAILED
plugins\Port_TS_T40D2M10I2R0\generate_PB\Port_S32K148_Resource.m: FAILED
plugins\Port_TS_T40D2M10I2R0\generate_PB\Port_S32K1xx_Resource.m: FAILED
plugins\Port_TS_T40D2M10I2R0\generate_PB\Port_VersionCheck_Src_PB.m: OK
plugins\Port_TS_T40D2M10I2R0\generate_PB\src\Port_PBcfg.c: FAILED
plugins\Port_TS_T40D2M10I2R0\generate_PC\Port_S32K118_Resource.m: FAILED
plugins\Port_TS_T40D2M10I2R0\generate_PC\Port_S32K142_Resource.m: FAILED
plugins\Port_TS_T40D2M10I2R0\generate_PC\Port_S32K144_Resource.m: FAILED
plugins\Port_TS_T40D2M10I2R0\generate_PC\Port_S32K146_Resource.m: FAILED
plugins\Port_TS_T40D2M10I2R0\generate_PC\Port_S32K148_Resource.m: FAILED
plugins\Port_TS_T40D2M10I2R0\generate_PC\Port_S32K1xx_Resource.m: FAILED
plugins\Port_TS_T40D2M10I2R0\generate_PC\Port_VersionCheck_Inc.m: OK
plugins\Port_TS_T40D2M10I2R0\generate_PC\Port_VersionCheck_Src.m: OK
plugins\Port_TS_T40D2M10I2R0\generate_PC\include\Port_Cfg.h: FAILED
plugins\Port_TS_T40D2M10I2R0\generate_PC\src\Port_Cfg.c: FAILED
plugins\Port_TS_T40D2M10I2R0\generate_swcd\swcd\Port_Bswmd.arxml: FAILED
plugins\Port_TS_T40D2M10I2R0\generate_swcd\swcd\Port_Bswmd.arxml.EB_update: FAILED
plugins\Port_TS_T40D2M10I2R0\generate_swcd\swcd\port_Bswmd.arxml.origin_version: FAILED
plugins\Port_TS_T40D2M10I2R0\include\Port.h: FAILED
plugins\Port_TS_T40D2M10I2R0\include\Port_EnvCfg.h: FAILED
plugins\Port_TS_T40D2M10I2R0\include\Port_Ipw.h: FAILED
plugins\Port_TS_T40D2M10I2R0\include\Port_Port_Ci.h: FAILED
plugins\Port_TS_T40D2M10I2R0\include\Port_Port_Ci_Types.h: FAILED
plugins\Port_TS_T40D2M10I2R0\include\Port_Reg_eSys_Port_Ci.h: FAILED
plugins\Port_TS_T40D2M10I2R0\include\Reg_eSys_Gpio.h: FAILED
plugins\Port_TS_T40D2M10I2R0\make\Port_defs.mak: FAILED
plugins\Port_TS_T40D2M10I2R0\make\Port_rules.mak: FAILED
plugins\Port_TS_T40D2M10I2R0\perform_MCAL_change.bat: OK
plugins\Port_TS_T40D2M10I2R0\plugin.xml: FAILED
plugins\Port_TS_T40D2M10I2R0\plugin.xml.EB_update: FAILED
plugins\Port_TS_T40D2M10I2R0\plugin.xml.origin_version: OK
plugins\Port_TS_T40D2M10I2R0\resources\Port_Dem_Events.xml: FAILED
plugins\Port_TS_T40D2M10I2R0\resources\Port_Dem_Events.xml.EB_update: FAILED
plugins\Port_TS_T40D2M10I2R0\resources\Port_EcuM_InitFunctions.xml: FAILED
plugins\Port_TS_T40D2M10I2R0\resources\Port_EcuM_InitFunctions.xml.EB_update: FAILED
plugins\Port_TS_T40D2M10I2R0\resources\Port_SchM_MainFunctions.xml: FAILED
plugins\Port_TS_T40D2M10I2R0\resources\Port_SchM_MainFunctions.xml.EB_update: FAILED
plugins\Port_TS_T40D2M10I2R0\src\Port.c: FAILED
plugins\Port_TS_T40D2M10I2R0\src\Port_Ipw.c: FAILED
plugins\Port_TS_T40D2M10I2R0\src\Port_Port_Ci.c: FAILED
S:\Tools\EB_Bootloader\Workspace\checksums\bin\sha1sum.exe: WARNING: 45 of 71 computed checksums did NOT match
