plugins\Resource_TS_T40D2M10I2R0\META-INF\MANIFEST.MF: FAILED
plugins\Resource_TS_T40D2M10I2R0\META-INF\MANIFEST.MF.EB_update: FAILED
plugins\Resource_TS_T40D2M10I2R0\META-INF\MANIFEST.MF.origin_version: FAILED
plugins\Resource_TS_T40D2M10I2R0\anchors.xml: FAILED
plugins\Resource_TS_T40D2M10I2R0\anchors.xml.EB_update: FAILED
plugins\Resource_TS_T40D2M10I2R0\anchors.xml.origin_version: OK
plugins\Resource_TS_T40D2M10I2R0\ant_generator.xml: OK
plugins\Resource_TS_T40D2M10I2R0\autosar\Resource.epd: OK
plugins\Resource_TS_T40D2M10I2R0\config\Resource.xdm: FAILED
plugins\Resource_TS_T40D2M10I2R0\doc\AUTOSAR_MCAL_RESOURCE_IM.pdf: OK
plugins\Resource_TS_T40D2M10I2R0\doc\AUTOSAR_MCAL_RESOURCE_UM.pdf: OK
plugins\Resource_TS_T40D2M10I2R0\doc\S32K14X_MCAL4_2_RTM_1_0_2_ReleaseNotes.pdf: OK
plugins\Resource_TS_T40D2M10I2R0\doc\S32K14X_MCAL4_2_RTM_HF2_1_0_2_ReleaseNotes.txt: OK
plugins\Resource_TS_T40D2M10I2R0\generate_PC\include\Reg_eSys.h: FAILED
plugins\Resource_TS_T40D2M10I2R0\generate_PC\include\modules.h: FAILED
plugins\Resource_TS_T40D2M10I2R0\include\Compiler_CfgExtMCAL.h: FAILED
plugins\Resource_TS_T40D2M10I2R0\include\Compiler_CfgExtMCAL.h.EB_update: FAILED
plugins\Resource_TS_T40D2M10I2R0\include\Mcal.h: FAILED
plugins\Resource_TS_T40D2M10I2R0\include\RegLockMacros.h: FAILED
plugins\Resource_TS_T40D2M10I2R0\include\SilRegMacros.h: FAILED
plugins\Resource_TS_T40D2M10I2R0\include\Soc_Ips.h: FAILED
plugins\Resource_TS_T40D2M10I2R0\include\StdRegMacros.h: FAILED
plugins\Resource_TS_T40D2M10I2R0\make\Resource_defs.mak: FAILED
plugins\Resource_TS_T40D2M10I2R0\make\Resource_rules.mak: FAILED
plugins\Resource_TS_T40D2M10I2R0\perform_MCAL_change.bat: OK
plugins\Resource_TS_T40D2M10I2R0\plugin.xml: FAILED
plugins\Resource_TS_T40D2M10I2R0\plugin.xml.EB_update: FAILED
plugins\Resource_TS_T40D2M10I2R0\plugin.xml.origin_version: OK
plugins\Resource_TS_T40D2M10I2R0\resource\ARM_S32K14X_s32k118_lqfp48.properties: OK
plugins\Resource_TS_T40D2M10I2R0\resource\ARM_S32K14X_s32k118_lqfp64.properties: OK
plugins\Resource_TS_T40D2M10I2R0\resource\ARM_S32K14X_s32k142_lqfp100.properties: OK
plugins\Resource_TS_T40D2M10I2R0\resource\ARM_S32K14X_s32k142_lqfp48.properties: OK
plugins\Resource_TS_T40D2M10I2R0\resource\ARM_S32K14X_s32k142_lqfp64.properties: OK
plugins\Resource_TS_T40D2M10I2R0\resource\ARM_S32K14X_s32k144_lqfp100.properties: OK
plugins\Resource_TS_T40D2M10I2R0\resource\ARM_S32K14X_s32k144_lqfp48.properties: OK
plugins\Resource_TS_T40D2M10I2R0\resource\ARM_S32K14X_s32k144_lqfp64.properties: OK
plugins\Resource_TS_T40D2M10I2R0\resource\ARM_S32K14X_s32k144_mapbga100.properties: OK
plugins\Resource_TS_T40D2M10I2R0\resource\ARM_S32K14X_s32k146_lqfp100.properties: OK
plugins\Resource_TS_T40D2M10I2R0\resource\ARM_S32K14X_s32k146_lqfp144.properties: OK
plugins\Resource_TS_T40D2M10I2R0\resource\ARM_S32K14X_s32k146_lqfp64.properties: OK
plugins\Resource_TS_T40D2M10I2R0\resource\ARM_S32K14X_s32k146_mapbga100.properties: OK
plugins\Resource_TS_T40D2M10I2R0\resource\ARM_S32K14X_s32k148_lqfp100.properties: OK
plugins\Resource_TS_T40D2M10I2R0\resource\ARM_S32K14X_s32k148_lqfp144.properties: OK
plugins\Resource_TS_T40D2M10I2R0\resource\ARM_S32K14X_s32k148_lqfp176.properties: OK
plugins\Resource_TS_T40D2M10I2R0\resource\ARM_S32K14X_s32k148_mapbga100.properties: OK
plugins\Resource_TS_T40D2M10I2R0\resource\cangeneraltypesmapping.properties: FAILED
plugins\Resource_TS_T40D2M10I2R0\resource\cangeneraltypesmapping.properties.EB_update: FAILED
plugins\Resource_TS_T40D2M10I2R0\resource\canwizard.properties: FAILED
plugins\Resource_TS_T40D2M10I2R0\resource\canwizard.properties.EB_update: FAILED
plugins\com.freescale.tools.tresos.xpath.jar: OK
S:\Tools\EB_Bootloader\Workspace\checksums\bin\sha1sum.exe: WARNING: 23 of 50 computed checksums did NOT match
