plugins\Spi_TS_T40D2M10I2R0\META-INF\MANIFEST.MF: FAILED
plugins\Spi_TS_T40D2M10I2R0\META-INF\MANIFEST.MF.EB_update: FAILED
plugins\Spi_TS_T40D2M10I2R0\META-INF\MANIFEST.MF.origin_version: FAILED
plugins\Spi_TS_T40D2M10I2R0\anchors.xml: FAILED
plugins\Spi_TS_T40D2M10I2R0\anchors.xml.EB_update: FAILED
plugins\Spi_TS_T40D2M10I2R0\anchors.xml.origin_version: OK
plugins\Spi_TS_T40D2M10I2R0\ant_generator.xml: OK
plugins\Spi_TS_T40D2M10I2R0\autosar\Spi_s32k118_lqfp48.epd: OK
plugins\Spi_TS_T40D2M10I2R0\autosar\Spi_s32k118_lqfp64.epd: OK
plugins\Spi_TS_T40D2M10I2R0\autosar\Spi_s32k142_lqfp100.epd: OK
plugins\Spi_TS_T40D2M10I2R0\autosar\Spi_s32k142_lqfp48.epd: OK
plugins\Spi_TS_T40D2M10I2R0\autosar\Spi_s32k142_lqfp64.epd: OK
plugins\Spi_TS_T40D2M10I2R0\autosar\Spi_s32k144_lqfp100.epd: OK
plugins\Spi_TS_T40D2M10I2R0\autosar\Spi_s32k144_lqfp48.epd: OK
plugins\Spi_TS_T40D2M10I2R0\autosar\Spi_s32k144_lqfp64.epd: OK
plugins\Spi_TS_T40D2M10I2R0\autosar\Spi_s32k144_mapbga100.epd: OK
plugins\Spi_TS_T40D2M10I2R0\autosar\Spi_s32k146_lqfp100.epd: OK
plugins\Spi_TS_T40D2M10I2R0\autosar\Spi_s32k146_lqfp144.epd: OK
plugins\Spi_TS_T40D2M10I2R0\autosar\Spi_s32k146_lqfp64.epd: OK
plugins\Spi_TS_T40D2M10I2R0\autosar\Spi_s32k146_mapbga100.epd: OK
plugins\Spi_TS_T40D2M10I2R0\autosar\Spi_s32k148_lqfp100.epd: OK
plugins\Spi_TS_T40D2M10I2R0\autosar\Spi_s32k148_lqfp144.epd: OK
plugins\Spi_TS_T40D2M10I2R0\autosar\Spi_s32k148_lqfp176.epd: OK
plugins\Spi_TS_T40D2M10I2R0\autosar\Spi_s32k148_mapbga100.epd: OK
plugins\Spi_TS_T40D2M10I2R0\config\Spi.xdm: FAILED
plugins\Spi_TS_T40D2M10I2R0\doc\AUTOSAR_MCAL_SPI_IM.pdf: OK
plugins\Spi_TS_T40D2M10I2R0\doc\AUTOSAR_MCAL_SPI_UM.pdf: OK
plugins\Spi_TS_T40D2M10I2R0\generate_PB\Spi_RegOperations.m: OK
plugins\Spi_TS_T40D2M10I2R0\generate_PB\Spi_VersionCheck_Src_PB.m: OK
plugins\Spi_TS_T40D2M10I2R0\generate_PB\src\Spi_PBcfg.c: FAILED
plugins\Spi_TS_T40D2M10I2R0\generate_PC\Spi_RegOperations.m: OK
plugins\Spi_TS_T40D2M10I2R0\generate_PC\Spi_VersionCheck_Inc.m: OK
plugins\Spi_TS_T40D2M10I2R0\generate_PC\Spi_VersionCheck_Src.m: OK
plugins\Spi_TS_T40D2M10I2R0\generate_PC\include\Spi_Cfg.h: FAILED
plugins\Spi_TS_T40D2M10I2R0\generate_PC\src\Spi_Cfg.c: FAILED
plugins\Spi_TS_T40D2M10I2R0\generate_swcd\swcd\Spi_Bswmd.arxml: FAILED
plugins\Spi_TS_T40D2M10I2R0\generate_swcd\swcd\Spi_Bswmd.arxml.EB_update: FAILED
plugins\Spi_TS_T40D2M10I2R0\generate_swcd\swcd\Spi_Bswmd.arxml.origin_version: FAILED
plugins\Spi_TS_T40D2M10I2R0\include\Reg_eSys_FlexIOSPI.h: FAILED
plugins\Spi_TS_T40D2M10I2R0\include\Reg_eSys_LPspi.h: FAILED
plugins\Spi_TS_T40D2M10I2R0\include\Spi.h: FAILED
plugins\Spi_TS_T40D2M10I2R0\include\Spi_FlexIO.h: FAILED
plugins\Spi_TS_T40D2M10I2R0\include\Spi_IPW.h: FAILED
plugins\Spi_TS_T40D2M10I2R0\include\Spi_IPW_Types.h: FAILED
plugins\Spi_TS_T40D2M10I2R0\include\Spi_LPspi.h: FAILED
plugins\Spi_TS_T40D2M10I2R0\make\Spi_defs.mak: FAILED
plugins\Spi_TS_T40D2M10I2R0\make\Spi_rules.mak: FAILED
plugins\Spi_TS_T40D2M10I2R0\perform_MCAL_change.bat: OK
plugins\Spi_TS_T40D2M10I2R0\plugin.xml: FAILED
plugins\Spi_TS_T40D2M10I2R0\plugin.xml.EB_update: FAILED
plugins\Spi_TS_T40D2M10I2R0\plugin.xml.origin_version: OK
plugins\Spi_TS_T40D2M10I2R0\resources\Spi_Dem_Events.xml: FAILED
plugins\Spi_TS_T40D2M10I2R0\resources\Spi_Dem_Events.xml.EB_update: FAILED
plugins\Spi_TS_T40D2M10I2R0\resources\Spi_EcuM_InitFunctions.xml: FAILED
plugins\Spi_TS_T40D2M10I2R0\resources\Spi_EcuM_InitFunctions.xml.EB_update: FAILED
plugins\Spi_TS_T40D2M10I2R0\resources\Spi_SchM_MainFunctions.xml: FAILED
plugins\Spi_TS_T40D2M10I2R0\resources\Spi_SchM_MainFunctions.xml.EB_update: FAILED
plugins\Spi_TS_T40D2M10I2R0\src\Spi.c: FAILED
plugins\Spi_TS_T40D2M10I2R0\src\Spi_FlexIO.c: FAILED
plugins\Spi_TS_T40D2M10I2R0\src\Spi_FlexIO_Irq.c: FAILED
plugins\Spi_TS_T40D2M10I2R0\src\Spi_IPW.c: FAILED
plugins\Spi_TS_T40D2M10I2R0\src\Spi_LPspi.c: FAILED
plugins\Spi_TS_T40D2M10I2R0\src\Spi_LPspi_Irq.c: FAILED
S:\Tools\EB_Bootloader\Workspace\checksums\bin\sha1sum.exe: WARNING: 35 of 63 computed checksums did NOT match
