S:\Tools\EB_Bootloader\Workspace\checksums\bin\sha1sum.exe: plugins\StbM_TS_TxDxM2I6R0\META-INF\MANIFEST.MF: No such file or directory
plugins\StbM_TS_TxDxM2I6R0\META-INF\MANIFEST.MF: FAILED open or read
S:\Tools\EB_Bootloader\Workspace\checksums\bin\sha1sum.exe: plugins\StbM_TS_TxDxM2I6R0\anchors.xml: No such file or directory
plugins\StbM_TS_TxDxM2I6R0\anchors.xml: FAILED open or read
S:\Tools\EB_Bootloader\Workspace\checksums\bin\sha1sum.exe: plugins\StbM_TS_TxDxM2I6R0\autosar\StbM.bmd: No such file or directory
plugins\StbM_TS_TxDxM2I6R0\autosar\StbM.bmd: FAILED open or read
S:\Tools\EB_Bootloader\Workspace\checksums\bin\sha1sum.exe: plugins\StbM_TS_TxDxM2I6R0\config\StbM.xdm: No such file or directory
plugins\StbM_TS_TxDxM2I6R0\config\StbM.xdm: FAILED open or read
S:\Tools\EB_Bootloader\Workspace\checksums\bin\sha1sum.exe: plugins\StbM_TS_TxDxM2I6R0\generate\include\StbM_Cfg.h: No such file or directory
plugins\StbM_TS_TxDxM2I6R0\generate\include\StbM_Cfg.h: FAILED open or read
S:\Tools\EB_Bootloader\Workspace\checksums\bin\sha1sum.exe: plugins\StbM_TS_TxDxM2I6R0\generate\include\StbM_Gen_Common.h: No such file or directory
plugins\StbM_TS_TxDxM2I6R0\generate\include\StbM_Gen_Common.h: FAILED open or read
S:\Tools\EB_Bootloader\Workspace\checksums\bin\sha1sum.exe: plugins\StbM_TS_TxDxM2I6R0\generate\include\StbM_Int_Cfg.h: No such file or directory
plugins\StbM_TS_TxDxM2I6R0\generate\include\StbM_Int_Cfg.h: FAILED open or read
S:\Tools\EB_Bootloader\Workspace\checksums\bin\sha1sum.exe: plugins\StbM_TS_TxDxM2I6R0\generate\include\StbM_TimeBase.m: No such file or directory
plugins\StbM_TS_TxDxM2I6R0\generate\include\StbM_TimeBase.m: FAILED open or read
S:\Tools\EB_Bootloader\Workspace\checksums\bin\sha1sum.exe: plugins\StbM_TS_TxDxM2I6R0\generate\include\StbM_Trace.h: No such file or directory
plugins\StbM_TS_TxDxM2I6R0\generate\include\StbM_Trace.h: FAILED open or read
S:\Tools\EB_Bootloader\Workspace\checksums\bin\sha1sum.exe: plugins\StbM_TS_TxDxM2I6R0\generate\include\StbM_Vars.m: No such file or directory
plugins\StbM_TS_TxDxM2I6R0\generate\include\StbM_Vars.m: FAILED open or read
S:\Tools\EB_Bootloader\Workspace\checksums\bin\sha1sum.exe: plugins\StbM_TS_TxDxM2I6R0\generate\src\StbM_Cfg.c: No such file or directory
plugins\StbM_TS_TxDxM2I6R0\generate\src\StbM_Cfg.c: FAILED open or read
S:\Tools\EB_Bootloader\Workspace\checksums\bin\sha1sum.exe: plugins\StbM_TS_TxDxM2I6R0\generate\src\StbM_SharedData_Int.c: No such file or directory
plugins\StbM_TS_TxDxM2I6R0\generate\src\StbM_SharedData_Int.c: FAILED open or read
S:\Tools\EB_Bootloader\Workspace\checksums\bin\sha1sum.exe: plugins\StbM_TS_TxDxM2I6R0\generate_swcd\swcd\StbM_Bswmd.arxml: No such file or directory
plugins\StbM_TS_TxDxM2I6R0\generate_swcd\swcd\StbM_Bswmd.arxml: FAILED open or read
S:\Tools\EB_Bootloader\Workspace\checksums\bin\sha1sum.exe: plugins\StbM_TS_TxDxM2I6R0\generate_swcd\swcd\StbM_TimeBaseHlp.m: No such file or directory
plugins\StbM_TS_TxDxM2I6R0\generate_swcd\swcd\StbM_TimeBaseHlp.m: FAILED open or read
S:\Tools\EB_Bootloader\Workspace\checksums\bin\sha1sum.exe: plugins\StbM_TS_TxDxM2I6R0\generate_swcd\swcd\StbM_swc_interface.arxml: No such file or directory
plugins\StbM_TS_TxDxM2I6R0\generate_swcd\swcd\StbM_swc_interface.arxml: FAILED open or read
S:\Tools\EB_Bootloader\Workspace\checksums\bin\sha1sum.exe: plugins\StbM_TS_TxDxM2I6R0\generate_swcd\swcd\StbM_swc_internal.arxml: No such file or directory
plugins\StbM_TS_TxDxM2I6R0\generate_swcd\swcd\StbM_swc_internal.arxml: FAILED open or read
S:\Tools\EB_Bootloader\Workspace\checksums\bin\sha1sum.exe: plugins\StbM_TS_TxDxM2I6R0\include\StbM.h: No such file or directory
plugins\StbM_TS_TxDxM2I6R0\include\StbM.h: FAILED open or read
S:\Tools\EB_Bootloader\Workspace\checksums\bin\sha1sum.exe: plugins\StbM_TS_TxDxM2I6R0\include\StbM_Int.h: No such file or directory
plugins\StbM_TS_TxDxM2I6R0\include\StbM_Int.h: FAILED open or read
S:\Tools\EB_Bootloader\Workspace\checksums\bin\sha1sum.exe: plugins\StbM_TS_TxDxM2I6R0\include\StbM_Int_Os.h: No such file or directory
plugins\StbM_TS_TxDxM2I6R0\include\StbM_Int_Os.h: FAILED open or read
S:\Tools\EB_Bootloader\Workspace\checksums\bin\sha1sum.exe: plugins\StbM_TS_TxDxM2I6R0\include\StbM_Int_Stc.h: No such file or directory
plugins\StbM_TS_TxDxM2I6R0\include\StbM_Int_Stc.h: FAILED open or read
S:\Tools\EB_Bootloader\Workspace\checksums\bin\sha1sum.exe: plugins\StbM_TS_TxDxM2I6R0\include\StbM_TimeConversionMacros.h: No such file or directory
plugins\StbM_TS_TxDxM2I6R0\include\StbM_TimeConversionMacros.h: FAILED open or read
S:\Tools\EB_Bootloader\Workspace\checksums\bin\sha1sum.exe: plugins\StbM_TS_TxDxM2I6R0\include\StbM_Types.h: No such file or directory
plugins\StbM_TS_TxDxM2I6R0\include\StbM_Types.h: FAILED open or read
S:\Tools\EB_Bootloader\Workspace\checksums\bin\sha1sum.exe: plugins\StbM_TS_TxDxM2I6R0\include\StbM_Version.h: No such file or directory
plugins\StbM_TS_TxDxM2I6R0\include\StbM_Version.h: FAILED open or read
S:\Tools\EB_Bootloader\Workspace\checksums\bin\sha1sum.exe: plugins\StbM_TS_TxDxM2I6R0\integration_requirements\StbM_integration_req.reqm: No such file or directory
plugins\StbM_TS_TxDxM2I6R0\integration_requirements\StbM_integration_req.reqm: FAILED open or read
S:\Tools\EB_Bootloader\Workspace\checksums\bin\sha1sum.exe: plugins\StbM_TS_TxDxM2I6R0\make\StbM_defs.mak: No such file or directory
plugins\StbM_TS_TxDxM2I6R0\make\StbM_defs.mak: FAILED open or read
S:\Tools\EB_Bootloader\Workspace\checksums\bin\sha1sum.exe: plugins\StbM_TS_TxDxM2I6R0\make\StbM_rules.mak: No such file or directory
plugins\StbM_TS_TxDxM2I6R0\make\StbM_rules.mak: FAILED open or read
S:\Tools\EB_Bootloader\Workspace\checksums\bin\sha1sum.exe: plugins\StbM_TS_TxDxM2I6R0\plugin.xml: No such file or directory
plugins\StbM_TS_TxDxM2I6R0\plugin.xml: FAILED open or read
S:\Tools\EB_Bootloader\Workspace\checksums\bin\sha1sum.exe: plugins\StbM_TS_TxDxM2I6R0\resources\AdjacentLayer.properties.template: No such file or directory
plugins\StbM_TS_TxDxM2I6R0\resources\AdjacentLayer.properties.template: FAILED open or read
S:\Tools\EB_Bootloader\Workspace\checksums\bin\sha1sum.exe: plugins\StbM_TS_TxDxM2I6R0\resources\StbM_NvM_Blocks.xml: No such file or directory
plugins\StbM_TS_TxDxM2I6R0\resources\StbM_NvM_Blocks.xml: FAILED open or read
S:\Tools\EB_Bootloader\Workspace\checksums\bin\sha1sum.exe: plugins\StbM_TS_TxDxM2I6R0\resources\StbM_SchM_MainFunctions.xml: No such file or directory
plugins\StbM_TS_TxDxM2I6R0\resources\StbM_SchM_MainFunctions.xml: FAILED open or read
S:\Tools\EB_Bootloader\Workspace\checksums\bin\sha1sum.exe: plugins\StbM_TS_TxDxM2I6R0\src\StbM.c: No such file or directory
plugins\StbM_TS_TxDxM2I6R0\src\StbM.c: FAILED open or read
S:\Tools\EB_Bootloader\Workspace\checksums\bin\sha1sum.exe: WARNING: 31 of 31 listed files could not be read
