S:\Tools\EB_Bootloader\Workspace\checksums\bin\sha1sum.exe: plugins\SelectableWizardAsc_TS_TxDxM1I3R0\META-INF\MANIFEST.MF: No such file or directory
plugins\SelectableWizardAsc_TS_TxDxM1I3R0\META-INF\MANIFEST.MF: FAILED open or read
S:\Tools\EB_Bootloader\Workspace\checksums\bin\sha1sum.exe: plugins\SelectableWizardAsc_TS_TxDxM1I3R0\icons\synced.gif: No such file or directory
plugins\SelectableWizardAsc_TS_TxDxM1I3R0\icons\synced.gif: FAILED open or read
S:\Tools\EB_Bootloader\Workspace\checksums\bin\sha1sum.exe: plugins\SelectableWizardAsc_TS_TxDxM1I3R0\plugin.xml: No such file or directory
plugins\SelectableWizardAsc_TS_TxDxM1I3R0\plugin.xml: FAILED open or read
S:\Tools\EB_Bootloader\Workspace\checksums\bin\sha1sum.exe: plugins\SelectableWizardAsc_TS_TxDxM1I3R0\plugin_classes.jar: No such file or directory
plugins\SelectableWizardAsc_TS_TxDxM1I3R0\plugin_classes.jar: FAILED open or read
S:\Tools\EB_Bootloader\Workspace\checksums\bin\sha1sum.exe: plugins\SelectableWizardAsc_TS_TxDxM1I3R0\resources\blacklist.properties: No such file or directory
plugins\SelectableWizardAsc_TS_TxDxM1I3R0\resources\blacklist.properties: FAILED open or read
plugins\SwdUpdater_TS_TxDxM1I3R0.jar: OK
S:\Tools\EB_Bootloader\Workspace\checksums\bin\sha1sum.exe: plugins\XGenerator_TS_TxDxM1I3R0\META-INF\MANIFEST.MF: No such file or directory
plugins\XGenerator_TS_TxDxM1I3R0\META-INF\MANIFEST.MF: FAILED open or read
S:\Tools\EB_Bootloader\Workspace\checksums\bin\sha1sum.exe: plugins\XGenerator_TS_TxDxM1I3R0\lib\saxon9-unpack.jar: No such file or directory
plugins\XGenerator_TS_TxDxM1I3R0\lib\saxon9-unpack.jar: FAILED open or read
S:\Tools\EB_Bootloader\Workspace\checksums\bin\sha1sum.exe: plugins\XGenerator_TS_TxDxM1I3R0\lib\saxon9he.jar: No such file or directory
plugins\XGenerator_TS_TxDxM1I3R0\lib\saxon9he.jar: FAILED open or read
S:\Tools\EB_Bootloader\Workspace\checksums\bin\sha1sum.exe: plugins\XGenerator_TS_TxDxM1I3R0\plugin.xml: No such file or directory
plugins\XGenerator_TS_TxDxM1I3R0\plugin.xml: FAILED open or read
S:\Tools\EB_Bootloader\Workspace\checksums\bin\sha1sum.exe: plugins\XGenerator_TS_TxDxM1I3R0\plugin_classes.jar: No such file or directory
plugins\XGenerator_TS_TxDxM1I3R0\plugin_classes.jar: FAILED open or read
S:\Tools\EB_Bootloader\Workspace\checksums\bin\sha1sum.exe: plugins\XGenerator_TS_TxDxM1I3R0\resources\add-artifact-annotation.xsl: No such file or directory
plugins\XGenerator_TS_TxDxM1I3R0\resources\add-artifact-annotation.xsl: FAILED open or read
S:\Tools\EB_Bootloader\Workspace\checksums\bin\sha1sum.exe: plugins\XGenerator_TS_TxDxM1I3R0\resources\add-default-compiler-abstractions.xsl: No such file or directory
plugins\XGenerator_TS_TxDxM1I3R0\resources\add-default-compiler-abstractions.xsl: FAILED open or read
S:\Tools\EB_Bootloader\Workspace\checksums\bin\sha1sum.exe: plugins\XGenerator_TS_TxDxM1I3R0\resources\calculate-alignment-requirements.xsl: No such file or directory
plugins\XGenerator_TS_TxDxM1I3R0\resources\calculate-alignment-requirements.xsl: FAILED open or read
S:\Tools\EB_Bootloader\Workspace\checksums\bin\sha1sum.exe: plugins\XGenerator_TS_TxDxM1I3R0\resources\details\generic-text.xsl: No such file or directory
plugins\XGenerator_TS_TxDxM1I3R0\resources\details\generic-text.xsl: FAILED open or read
S:\Tools\EB_Bootloader\Workspace\checksums\bin\sha1sum.exe: plugins\XGenerator_TS_TxDxM1I3R0\resources\details\generic.xsl: No such file or directory
plugins\XGenerator_TS_TxDxM1I3R0\resources\details\generic.xsl: FAILED open or read
S:\Tools\EB_Bootloader\Workspace\checksums\bin\sha1sum.exe: plugins\XGenerator_TS_TxDxM1I3R0\resources\details\s-record.xsl: No such file or directory
plugins\XGenerator_TS_TxDxM1I3R0\resources\details\s-record.xsl: FAILED open or read
S:\Tools\EB_Bootloader\Workspace\checksums\bin\sha1sum.exe: plugins\XGenerator_TS_TxDxM1I3R0\resources\flatten-structure.xsl: No such file or directory
plugins\XGenerator_TS_TxDxM1I3R0\resources\flatten-structure.xsl: FAILED open or read
S:\Tools\EB_Bootloader\Workspace\checksums\bin\sha1sum.exe: plugins\XGenerator_TS_TxDxM1I3R0\resources\make-implicit-types-explicit.xsl: No such file or directory
plugins\XGenerator_TS_TxDxM1I3R0\resources\make-implicit-types-explicit.xsl: FAILED open or read
S:\Tools\EB_Bootloader\Workspace\checksums\bin\sha1sum.exe: plugins\XGenerator_TS_TxDxM1I3R0\resources\platform-types-h.xsl: No such file or directory
plugins\XGenerator_TS_TxDxM1I3R0\resources\platform-types-h.xsl: FAILED open or read
S:\Tools\EB_Bootloader\Workspace\checksums\bin\sha1sum.exe: plugins\XGenerator_TS_TxDxM1I3R0\resources\postbuild-c.xsl: No such file or directory
plugins\XGenerator_TS_TxDxM1I3R0\resources\postbuild-c.xsl: FAILED open or read
S:\Tools\EB_Bootloader\Workspace\checksums\bin\sha1sum.exe: plugins\XGenerator_TS_TxDxM1I3R0\resources\postbuild-h.xsl: No such file or directory
plugins\XGenerator_TS_TxDxM1I3R0\resources\postbuild-h.xsl: FAILED open or read
S:\Tools\EB_Bootloader\Workspace\checksums\bin\sha1sum.exe: plugins\XGenerator_TS_TxDxM1I3R0\resources\postbuild-srec.xsl: No such file or directory
plugins\XGenerator_TS_TxDxM1I3R0\resources\postbuild-srec.xsl: FAILED open or read
S:\Tools\EB_Bootloader\Workspace\checksums\bin\sha1sum.exe: plugins\XGenerator_TS_TxDxM1I3R0\resources\preprocessing.xsl: No such file or directory
plugins\XGenerator_TS_TxDxM1I3R0\resources\preprocessing.xsl: FAILED open or read
S:\Tools\EB_Bootloader\Workspace\checksums\bin\sha1sum.exe: plugins\XGenerator_TS_TxDxM1I3R0\resources\remove-xinclude-base-attributes.xsl: No such file or directory
plugins\XGenerator_TS_TxDxM1I3R0\resources\remove-xinclude-base-attributes.xsl: FAILED open or read
S:\Tools\EB_Bootloader\Workspace\checksums\bin\sha1sum.exe: plugins\XGenerator_TS_TxDxM1I3R0\resources\resolve-field-types.xsl: No such file or directory
plugins\XGenerator_TS_TxDxM1I3R0\resources\resolve-field-types.xsl: FAILED open or read
S:\Tools\EB_Bootloader\Workspace\checksums\bin\sha1sum.exe: plugins\XGenerator_TS_TxDxM1I3R0\resources\resolve-instance-imports.xsl: No such file or directory
plugins\XGenerator_TS_TxDxM1I3R0\resources\resolve-instance-imports.xsl: FAILED open or read
S:\Tools\EB_Bootloader\Workspace\checksums\bin\sha1sum.exe: plugins\XGenerator_TS_TxDxM1I3R0\resources\resolve-references.xsl: No such file or directory
plugins\XGenerator_TS_TxDxM1I3R0\resources\resolve-references.xsl: FAILED open or read
S:\Tools\EB_Bootloader\Workspace\checksums\bin\sha1sum.exe: plugins\XGenerator_TS_TxDxM1I3R0\resources\types-h.xsl: No such file or directory
plugins\XGenerator_TS_TxDxM1I3R0\resources\types-h.xsl: FAILED open or read
S:\Tools\EB_Bootloader\Workspace\checksums\bin\sha1sum.exe: plugins\XGenerator_TS_TxDxM1I3R0\resources\xgen.xsd: No such file or directory
plugins\XGenerator_TS_TxDxM1I3R0\resources\xgen.xsd: FAILED open or read
S:\Tools\EB_Bootloader\Workspace\checksums\bin\sha1sum.exe: plugins\XGenerator_TS_TxDxM1I3R0\resources\xml.xsd: No such file or directory
plugins\XGenerator_TS_TxDxM1I3R0\resources\xml.xsd: FAILED open or read
S:\Tools\EB_Bootloader\Workspace\checksums\bin\sha1sum.exe: plugins\XPathAsc_TS_TxDxM1I3R0.jar: No such file or directory
plugins\XPathAsc_TS_TxDxM1I3R0.jar: FAILED open or read
plugins\eb.tresos.varianthandling.jar: FAILED
plugins\eb.tresos.xslt.transformer.jar: FAILED
S:\Tools\EB_Bootloader\Workspace\checksums\bin\sha1sum.exe: WARNING: 31 of 34 listed files could not be read
S:\Tools\EB_Bootloader\Workspace\checksums\bin\sha1sum.exe: WARNING: 2 of 3 computed checksums did NOT match
