----------------------------------------------
AUDI-VW ODX-Generator V2.63
Config autosave : ON
28.07.2022-13:33:52   duration of conversion: 1.3s
Configuration file: C:\Temp\eCS_Platform_Git\Tools\Build_Env\Workspace\Build\\..\..\..\..\Tools\Odx\Installation\ODXCreate_V263\audi_ecs_vl_full_Comp_Enc.ocnf
Virtual free memory: 1930.324 MB
Param_DBI=LBI: ON
Software version: 0001
input file: C:\Temp\eCS_Platform_Git\Release\CanFlash\Application.s19
>>> Warning: Memoryblock is not 16 byte aligned. Encryption with padding is used! <<<
manual adresscalculation: OFF
Memoryblock 1 Hash: BCB9A000B14A53238660972243849430D39BE80D6E74D10DE30F155B039F2072
Memoryblock 1 Sign: 92646D4EC71FF4D9C29DBA0A6E546EB1ACB3DC17786E72930BCB0630C7E16016AE454698588F8DD1C7EA68A14D5AE76D1DBC6A7086DF5C789668F131B9BB3D51AC7FD84C101A332C894B78172F93542E203084A33213E7E10EBE3573A6D79E991CC46EC51E5A3F01170E3169B2B951B49232509DF8F91EFE51100C49CEC01789C4765DA5BC6F7F78584AC84ED9A90F15C3B8A41094B7AD095688B809C9E3CAFA4585992D7B6D41BBD09888FD7AB76BE9EC1162FBD02B79795E225E8B5453048E0C407DEA844FC6C304B87F058652D0032267289D8AAF9093260FFA33433500734EB4A81595847D3D03DA98590780840842D2B7F413FB975C2397148FE488C2746C29D13B7914198E93FAA679A08A1A3F1FA3C9375A29E5631F3FB1BAF34C2D7D49D54A387B34CA90BE210DD858FDD4773204A57108D2F676A6F4172D77E47415F9DAABE277D0DD10A4A4B99181EF1CFBD7E36DDC209912E00DEBA8629A60EF84A952D573B36FB2D86D8E4BD7A8E322253017233A02FADC2B2AEBB6E9AC8829D7

input file: C:\Temp\eCS_Platform_Git\Release\CanFlash\Calibration.s19
>>> Warning: Memoryblock is not 16 byte aligned. Encryption with padding is used! <<<
manual adresscalculation: OFF
Memoryblock 2 Hash: BFDEFDEA944405DA265BA095167B316267355F2ADA6922B5366F406F6D7CD343
Memoryblock 2 Sign: 73C46608C4429746086EE86E54A45CC64DD3B1084AFADB6AC2BF116F7C0F025F0352E71629AD1532BA5EC24656BC4B1C7776571125A64FD2014A00F4E7EC61EE67DFD43FC941BEC101D954B37E791103B355DA60344C37F6554E2A3BEF4227BC605DC052C2E61804476CB553F1A21A89684D70274F3C01A08BF8C6ED6A8C8395E784418BD899BA107C222CD7CE5BD415CD797BBC26387A3482D23E08AEB4FD507124D5CE446FF2DBD528A19DC6BBE4497BF2CF3CE5D4F9718807B1D80CCC22AC69AF71E145715AE594A5327DF6A5DDE0741F6052A900B2C5A510B8BF1234A6A8EB1EA943AAAF483873573C40F17FA3ED4248134484D503061D5DF89D00460C5AB4E72175A7DCC6484524D7EE7ABEDF1D0CBD9C997C5599F9265430FD88D450638B21DB8DAE6A63BEC67ED6E7F51BD48EEDE18FCC8DE20F959127305A67528D6DA867EE2326081A30496D6EFFEE10EAEBB24BE9D55093AEF890CD9599A3C49D824A978B6D0E4D51C7B3F94D933E8F82A3FD34DD9D936F6E895CE9EEB962261D80

Generated ODX container: C:\Temp\eCS_Platform_Git\Release\CanFlash\full\compressed_encrypted\FL_XXXXXXXXXX_0001_ECS_V002_E.odx
Result: 1

