----------------------------------------------------------------
Thu Sep 29 14:01:51 EEST 2022:
Booting Derby version The Apache Software Foundation - Apache Derby - 10.8.2.2 - (1181258): instance a816c00e-0183-88e8-f341-0000123f5890 
on database directory C:\Projects\GIT\eCS_Platform_Git\Tools\Tessy\Workspace\tessy\persist\ite\edb  with class loader org.eclipse.osgi.internal.baseadaptor.DefaultClassLoader@1acd9991 
Loaded from file:/C:/Program Files/Razorcat/TESSY_4.3/bin/plugins/org.apache.derby_10.8.2.2_v201605172130.jar
java.vendor=Oracle Corporation
java.runtime.version=1.8.0_171-b11
user.dir=C:\PROGRA~1\Razorcat\TESSY_4.3\bin
derby.system.home=null
derby.stream.error.file=C:\Projects\GIT\eCS_Platform_Git\Tools\Tessy\Workspace\tessy\log\derby.log
Database Class Loader started - derby.database.classpath=''
----------------------------------------------------------------
Thu Sep 29 14:01:52 EEST 2022:
Booting Derby version The Apache Software Foundation - Apache Derby - 10.8.2.2 - (1181258): instance 2c44c05e-0183-88e8-f341-0000123f5890 
on database directory C:\Projects\GIT\eCS_Platform_Git\Tools\Tessy\Workspace\tessy\persist\tessy\tessydb  with class loader org.eclipse.osgi.internal.baseadaptor.DefaultClassLoader@1acd9991 
Loaded from file:/C:/Program Files/Razorcat/TESSY_4.3/bin/plugins/org.apache.derby_10.8.2.2_v201605172130.jar
java.vendor=Oracle Corporation
java.runtime.version=1.8.0_171-b11
user.dir=C:\PROGRA~1\Razorcat\TESSY_4.3\bin
derby.system.home=null
derby.stream.error.file=C:\Projects\GIT\eCS_Platform_Git\Tools\Tessy\Workspace\tessy\log\derby.log
Database Class Loader started - derby.database.classpath=''
----------------------------------------------------------------
Thu Sep 29 14:01:53 EEST 2022:
Booting Derby version The Apache Software Foundation - Apache Derby - 10.8.2.2 - (1181258): instance c38ac0ee-0183-88e8-f341-0000123f5890 
on database directory C:\Projects\GIT\eCS_Platform_Git\Tools\Tessy\Workspace\tessy\persist\ite\itedb  with class loader org.eclipse.osgi.internal.baseadaptor.DefaultClassLoader@1acd9991 
Loaded from file:/C:/Program Files/Razorcat/TESSY_4.3/bin/plugins/org.apache.derby_10.8.2.2_v201605172130.jar
java.vendor=Oracle Corporation
java.runtime.version=1.8.0_171-b11
user.dir=C:\PROGRA~1\Razorcat\TESSY_4.3\bin
derby.system.home=null
derby.stream.error.file=C:\Projects\GIT\eCS_Platform_Git\Tools\Tessy\Workspace\tessy\persist\ite\derby.log
Database Class Loader started - derby.database.classpath=''
----------------------------------------------------------------
Thu Sep 29 14:02:00 EEST 2022:
Booting Derby version The Apache Software Foundation - Apache Derby - 10.8.2.2 - (1181258): instance 8defc1db-0183-88e8-f341-0000123f5890 
on database directory C:\Projects\GIT\eCS_Platform_Git\Tools\Tessy\Workspace\tessy\persist\ite\cache  with class loader org.eclipse.osgi.internal.baseadaptor.DefaultClassLoader@1acd9991 
Loaded from file:/C:/Program Files/Razorcat/TESSY_4.3/bin/plugins/org.apache.derby_10.8.2.2_v201605172130.jar
java.vendor=Oracle Corporation
java.runtime.version=1.8.0_171-b11
user.dir=C:\PROGRA~1\Razorcat\TESSY_4.3\bin
derby.system.home=null
derby.stream.error.file=C:\Projects\GIT\eCS_Platform_Git\Tools\Tessy\Workspace\tessy\persist\ite\derby.log
Database Class Loader started - derby.database.classpath=''
----------------------------------------------------------------
Thu Sep 29 14:03:01 EEST 2022:
Shutting down instance 2c44c05e-0183-88e8-f341-0000123f5890 on database directory C:\Projects\GIT\eCS_Platform_Git\Tools\Tessy\Workspace\tessy\persist\tessy\tessydb with class loader org.eclipse.osgi.internal.baseadaptor.DefaultClassLoader@1acd9991 
